# Logfile created on 2015-09-16 15:42:10 +0200 by logger.rb/41954
I, [2015-09-16T15:42:10.786967 #82113]  INFO -- : 0:  addressable (2.3.8) from /Users/cschwartz/.rbenv/versions/2.0.0-p353/lib/ruby/gems/2.0.0/specifications/addressable-2.3.8.gemspec
I, [2015-09-16T15:42:12.306712 #82113]  INFO -- : 0:  backports (3.6.6) from /Users/cschwartz/.rbenv/versions/2.0.0-p353/lib/ruby/gems/2.0.0/specifications/backports-3.6.6.gemspec
I, [2015-09-16T15:42:13.233053 #82113]  INFO -- : 0:  buftok (0.2.0) from /Users/cschwartz/.rbenv/versions/2.0.0-p353/lib/ruby/gems/2.0.0/specifications/buftok-0.2.0.gemspec
I, [2015-09-16T15:42:13.233445 #82113]  INFO -- : 0:  coffee-script-source (1.9.1.1) from /Users/cschwartz/.rbenv/versions/2.0.0-p353/lib/ruby/gems/2.0.0/specifications/coffee-script-source-1.9.1.1.gemspec
I, [2015-09-16T15:42:13.233714 #82113]  INFO -- : 0:  execjs (2.0.2) from /Users/cschwartz/.rbenv/versions/2.0.0-p353/lib/ruby/gems/2.0.0/specifications/execjs-2.0.2.gemspec
I, [2015-09-16T15:42:13.233972 #82113]  INFO -- : 0:  coffee-script (2.2.0) from /Users/cschwartz/.rbenv/versions/2.0.0-p353/lib/ruby/gems/2.0.0/specifications/coffee-script-2.2.0.gemspec
I, [2015-09-16T15:42:14.186413 #82113]  INFO -- : 0:  daemons (1.2.3) from /Users/cschwartz/.rbenv/versions/2.0.0-p353/lib/ruby/gems/2.0.0/specifications/daemons-1.2.3.gemspec
I, [2015-09-16T15:42:15.471415 #82113]  INFO -- : 0:  rack (1.5.5) from /Users/cschwartz/.rbenv/versions/2.0.0-p353/lib/ruby/gems/2.0.0/specifications/rack-1.5.5.gemspec
I, [2015-09-16T15:42:15.471892 #82113]  INFO -- : 0:  thread_safe (0.3.5) from /Users/cschwartz/.rbenv/versions/2.0.0-p353/lib/ruby/gems/2.0.0/specifications/thread_safe-0.3.5.gemspec
I, [2015-09-16T15:42:15.472144 #82113]  INFO -- : 0:  tzinfo (1.2.2) from /Users/cschwartz/.rbenv/versions/2.0.0-p353/lib/ruby/gems/2.0.0/specifications/tzinfo-1.2.2.gemspec
I, [2015-09-16T15:42:16.551873 #82113]  INFO -- : 0:  rufus-scheduler (2.0.24) from /Users/cschwartz/.rbenv/versions/2.0.0-p353/lib/ruby/gems/2.0.0/specifications/rufus-scheduler-2.0.24.gemspec
I, [2015-09-16T15:42:16.552348 #82113]  INFO -- : 0:  sass (3.2.19) from /Users/cschwartz/.rbenv/versions/2.0.0-p353/lib/ruby/gems/2.0.0/specifications/sass-3.2.19.gemspec
I, [2015-09-16T15:42:16.552668 #82113]  INFO -- : 0:  rack-protection (1.5.3) from /Users/cschwartz/.rbenv/versions/2.0.0-p353/lib/ruby/gems/2.0.0/specifications/rack-protection-1.5.3.gemspec
I, [2015-09-16T15:42:16.552976 #82113]  INFO -- : 0:  tilt (1.4.1) from /Users/cschwartz/.rbenv/versions/2.0.0-p353/lib/ruby/gems/2.0.0/specifications/tilt-1.4.1.gemspec
I, [2015-09-16T15:42:17.873772 #82113]  INFO -- : 0:  sinatra (1.4.6) from /Users/cschwartz/.rbenv/versions/2.0.0-p353/lib/ruby/gems/2.0.0/specifications/sinatra-1.4.6.gemspec
I, [2015-09-16T15:42:18.986582 #82113]  INFO -- : 0:  multi_json (1.11.2) from /Users/cschwartz/.rbenv/versions/2.0.0-p353/lib/ruby/gems/2.0.0/specifications/multi_json-1.11.2.gemspec
I, [2015-09-16T15:42:18.986966 #82113]  INFO -- : 0:  rack-test (0.6.3) from /Users/cschwartz/.rbenv/versions/2.0.0-p353/lib/ruby/gems/2.0.0/specifications/rack-test-0.6.3.gemspec
I, [2015-09-16T15:42:19.980131 #82113]  INFO -- : 0:  sinatra-contrib (1.4.6) from /Users/cschwartz/.rbenv/versions/2.0.0-p353/lib/ruby/gems/2.0.0/specifications/sinatra-contrib-1.4.6.gemspec
I, [2015-09-16T15:42:19.980516 #82113]  INFO -- : 0:  hike (1.2.3) from /Users/cschwartz/.rbenv/versions/2.0.0-p353/lib/ruby/gems/2.0.0/specifications/hike-1.2.3.gemspec
I, [2015-09-16T15:42:19.980815 #82113]  INFO -- : 0:  sprockets (2.10.1) from /Users/cschwartz/.rbenv/versions/2.0.0-p353/lib/ruby/gems/2.0.0/specifications/sprockets-2.10.1.gemspec
I, [2015-09-16T15:42:31.342598 #82113]  INFO -- : 0:  eventmachine (1.0.8) from /Users/cschwartz/.rbenv/versions/2.0.0-p353/lib/ruby/gems/2.0.0/specifications/eventmachine-1.0.8.gemspec
I, [2015-09-16T15:42:31.343221 #82113]  INFO -- : 0:  thin (1.6.3) from /Users/cschwartz/.rbenv/versions/2.0.0-p353/lib/ruby/gems/2.0.0/specifications/thin-1.6.3.gemspec
I, [2015-09-16T15:42:31.343561 #82113]  INFO -- : 0:  thor (0.18.1) from /Users/cschwartz/.rbenv/versions/2.0.0-p353/lib/ruby/gems/2.0.0/specifications/thor-0.18.1.gemspec
I, [2015-09-16T15:42:33.192790 #82113]  INFO -- : 0:  dashing (1.3.4) from /Users/cschwartz/.rbenv/versions/2.0.0-p353/lib/ruby/gems/2.0.0/specifications/dashing-1.3.4.gemspec
I, [2015-09-16T15:42:35.349182 #82113]  INFO -- : 0:  unf_ext (0.0.7.1) from /Users/cschwartz/.rbenv/versions/2.0.0-p353/lib/ruby/gems/2.0.0/specifications/unf_ext-0.0.7.1.gemspec
E, [2015-09-16T15:43:50.936129 #82113] ERROR -- : Gem::RemoteFetcher::FetchError: Errno::ETIMEDOUT: Operation timed out - connect(2) (https://rubygems.org/gems/unf-0.1.4.gem)
/Users/cschwartz/.rbenv/versions/2.0.0-p353/lib/ruby/2.0.0/rubygems/remote_fetcher.rb:290:in `rescue in fetch_path'  \n/Users/cschwartz/.rbenv/versions/2.0.0-p353/lib/ruby/2.0.0/rubygems/remote_fetcher.rb:263:in `fetch_path'  \n/Users/cschwartz/.rbenv/versions/2.0.0-p353/lib/ruby/2.0.0/rubygems/remote_fetcher.rb:304:in `cache_update_path'  \n/Users/cschwartz/.rbenv/versions/2.0.0-p353/lib/ruby/2.0.0/rubygems/remote_fetcher.rb:170:in `download'  \n/Users/cschwartz/.rbenv/versions/2.0.0-p353/lib/ruby/gems/2.0.0/gems/bundler-1.5.1/lib/bundler/rubygems_integration.rb:511:in `download_gem'  \n/Users/cschwartz/.rbenv/versions/2.0.0-p353/lib/ruby/gems/2.0.0/gems/bundler-1.5.1/lib/bundler/fetcher.rb:41:in `download_gem_from_uri'  \n/Users/cschwartz/.rbenv/versions/2.0.0-p353/lib/ruby/gems/2.0.0/gems/bundler-1.5.1/lib/bundler/source/rubygems.rb:78:in `install'  \n/Users/cschwartz/.rbenv/versions/2.0.0-p353/lib/ruby/gems/2.0.0/gems/bundler-1.5.1/lib/bundler/installer.rb:111:in `block in install_gem_from_spec'  \n/Users/cschwartz/.rbenv/versions/2.0.0-p353/lib/ruby/gems/2.0.0/gems/bundler-1.5.1/lib/bundler/rubygems_integration.rb:150:in `with_build_args'  \n/Users/cschwartz/.rbenv/versions/2.0.0-p353/lib/ruby/gems/2.0.0/gems/bundler-1.5.1/lib/bundler/installer.rb:110:in `install_gem_from_spec'  \n/Users/cschwartz/.rbenv/versions/2.0.0-p353/lib/ruby/gems/2.0.0/gems/bundler-1.5.1/lib/bundler/installer.rb:295:in `block in install_sequentially'  \n/Users/cschwartz/.rbenv/versions/2.0.0-p353/lib/ruby/2.0.0/forwardable.rb:171:in `each'  \n/Users/cschwartz/.rbenv/versions/2.0.0-p353/lib/ruby/2.0.0/forwardable.rb:171:in `each'  \n/Users/cschwartz/.rbenv/versions/2.0.0-p353/lib/ruby/gems/2.0.0/gems/bundler-1.5.1/lib/bundler/installer.rb:294:in `install_sequentially'  \n/Users/cschwartz/.rbenv/versions/2.0.0-p353/lib/ruby/gems/2.0.0/gems/bundler-1.5.1/lib/bundler/installer.rb:97:in `run'  \n/Users/cschwartz/.rbenv/versions/2.0.0-p353/lib/ruby/gems/2.0.0/gems/bundler-1.5.1/lib/bundler/installer.rb:15:in `install'  \n/Users/cschwartz/.rbenv/versions/2.0.0-p353/lib/ruby/gems/2.0.0/gems/bundler-1.5.1/lib/bundler/cli.rb:257:in `install'  \n/Users/cschwartz/.rbenv/versions/2.0.0-p353/lib/ruby/gems/2.0.0/gems/bundler-1.5.1/lib/bundler/vendor/thor/command.rb:27:in `run'  \n/Users/cschwartz/.rbenv/versions/2.0.0-p353/lib/ruby/gems/2.0.0/gems/bundler-1.5.1/lib/bundler/vendor/thor/invocation.rb:120:in `invoke_command'  \n/Users/cschwartz/.rbenv/versions/2.0.0-p353/lib/ruby/gems/2.0.0/gems/bundler-1.5.1/lib/bundler/vendor/thor.rb:363:in `dispatch'  \n/Users/cschwartz/.rbenv/versions/2.0.0-p353/lib/ruby/gems/2.0.0/gems/bundler-1.5.1/lib/bundler/vendor/thor/base.rb:438:in `start'  \n/Users/cschwartz/.rbenv/versions/2.0.0-p353/lib/ruby/gems/2.0.0/gems/bundler-1.5.1/lib/bundler/cli.rb:10:in `start'  \n/Users/cschwartz/.rbenv/versions/2.0.0-p353/lib/ruby/gems/2.0.0/gems/bundler-1.5.1/bin/bundle:22:in `block in <top (required)>'  \n/Users/cschwartz/.rbenv/versions/2.0.0-p353/lib/ruby/gems/2.0.0/gems/bundler-1.5.1/lib/bundler/friendly_errors.rb:5:in `with_friendly_errors'  \n/Users/cschwartz/.rbenv/versions/2.0.0-p353/lib/ruby/gems/2.0.0/gems/bundler-1.5.1/bin/bundle:22:in `<top (required)>'  \n/Users/cschwartz/.rbenv/versions/2.0.0-p353/bin/bundle:23:in `load'  \n/Users/cschwartz/.rbenv/versions/2.0.0-p353/bin/bundle:23:in `<main>'
I, [2015-09-16T15:44:30.935548 #82716]  INFO -- : 0:  addressable (2.3.8) from /Users/cschwartz/.rbenv/versions/2.0.0-p353/lib/ruby/gems/2.0.0/specifications/addressable-2.3.8.gemspec
I, [2015-09-16T15:44:30.937046 #82716]  INFO -- : 0:  backports (3.6.6) from /Users/cschwartz/.rbenv/versions/2.0.0-p353/lib/ruby/gems/2.0.0/specifications/backports-3.6.6.gemspec
I, [2015-09-16T15:44:30.937295 #82716]  INFO -- : 0:  buftok (0.2.0) from /Users/cschwartz/.rbenv/versions/2.0.0-p353/lib/ruby/gems/2.0.0/specifications/buftok-0.2.0.gemspec
I, [2015-09-16T15:44:30.937540 #82716]  INFO -- : 0:  coffee-script-source (1.9.1.1) from /Users/cschwartz/.rbenv/versions/2.0.0-p353/lib/ruby/gems/2.0.0/specifications/coffee-script-source-1.9.1.1.gemspec
I, [2015-09-16T15:44:30.937780 #82716]  INFO -- : 0:  execjs (2.0.2) from /Users/cschwartz/.rbenv/versions/2.0.0-p353/lib/ruby/gems/2.0.0/specifications/execjs-2.0.2.gemspec
I, [2015-09-16T15:44:30.938011 #82716]  INFO -- : 0:  coffee-script (2.2.0) from /Users/cschwartz/.rbenv/versions/2.0.0-p353/lib/ruby/gems/2.0.0/specifications/coffee-script-2.2.0.gemspec
I, [2015-09-16T15:44:30.938241 #82716]  INFO -- : 0:  daemons (1.2.3) from /Users/cschwartz/.rbenv/versions/2.0.0-p353/lib/ruby/gems/2.0.0/specifications/daemons-1.2.3.gemspec
I, [2015-09-16T15:44:30.938477 #82716]  INFO -- : 0:  rack (1.5.5) from /Users/cschwartz/.rbenv/versions/2.0.0-p353/lib/ruby/gems/2.0.0/specifications/rack-1.5.5.gemspec
I, [2015-09-16T15:44:30.938701 #82716]  INFO -- : 0:  thread_safe (0.3.5) from /Users/cschwartz/.rbenv/versions/2.0.0-p353/lib/ruby/gems/2.0.0/specifications/thread_safe-0.3.5.gemspec
I, [2015-09-16T15:44:30.938922 #82716]  INFO -- : 0:  tzinfo (1.2.2) from /Users/cschwartz/.rbenv/versions/2.0.0-p353/lib/ruby/gems/2.0.0/specifications/tzinfo-1.2.2.gemspec
I, [2015-09-16T15:44:30.939138 #82716]  INFO -- : 0:  rufus-scheduler (2.0.24) from /Users/cschwartz/.rbenv/versions/2.0.0-p353/lib/ruby/gems/2.0.0/specifications/rufus-scheduler-2.0.24.gemspec
I, [2015-09-16T15:44:30.939366 #82716]  INFO -- : 0:  sass (3.2.19) from /Users/cschwartz/.rbenv/versions/2.0.0-p353/lib/ruby/gems/2.0.0/specifications/sass-3.2.19.gemspec
I, [2015-09-16T15:44:30.939587 #82716]  INFO -- : 0:  rack-protection (1.5.3) from /Users/cschwartz/.rbenv/versions/2.0.0-p353/lib/ruby/gems/2.0.0/specifications/rack-protection-1.5.3.gemspec
I, [2015-09-16T15:44:30.939803 #82716]  INFO -- : 0:  tilt (1.4.1) from /Users/cschwartz/.rbenv/versions/2.0.0-p353/lib/ruby/gems/2.0.0/specifications/tilt-1.4.1.gemspec
I, [2015-09-16T15:44:30.940072 #82716]  INFO -- : 0:  sinatra (1.4.6) from /Users/cschwartz/.rbenv/versions/2.0.0-p353/lib/ruby/gems/2.0.0/specifications/sinatra-1.4.6.gemspec
I, [2015-09-16T15:44:30.940296 #82716]  INFO -- : 0:  multi_json (1.11.2) from /Users/cschwartz/.rbenv/versions/2.0.0-p353/lib/ruby/gems/2.0.0/specifications/multi_json-1.11.2.gemspec
I, [2015-09-16T15:44:30.940518 #82716]  INFO -- : 0:  rack-test (0.6.3) from /Users/cschwartz/.rbenv/versions/2.0.0-p353/lib/ruby/gems/2.0.0/specifications/rack-test-0.6.3.gemspec
I, [2015-09-16T15:44:30.940725 #82716]  INFO -- : 0:  sinatra-contrib (1.4.6) from /Users/cschwartz/.rbenv/versions/2.0.0-p353/lib/ruby/gems/2.0.0/specifications/sinatra-contrib-1.4.6.gemspec
I, [2015-09-16T15:44:30.940930 #82716]  INFO -- : 0:  hike (1.2.3) from /Users/cschwartz/.rbenv/versions/2.0.0-p353/lib/ruby/gems/2.0.0/specifications/hike-1.2.3.gemspec
I, [2015-09-16T15:44:30.941144 #82716]  INFO -- : 0:  sprockets (2.10.1) from /Users/cschwartz/.rbenv/versions/2.0.0-p353/lib/ruby/gems/2.0.0/specifications/sprockets-2.10.1.gemspec
I, [2015-09-16T15:44:30.941349 #82716]  INFO -- : 0:  eventmachine (1.0.8) from /Users/cschwartz/.rbenv/versions/2.0.0-p353/lib/ruby/gems/2.0.0/specifications/eventmachine-1.0.8.gemspec
I, [2015-09-16T15:44:30.941554 #82716]  INFO -- : 0:  thin (1.6.3) from /Users/cschwartz/.rbenv/versions/2.0.0-p353/lib/ruby/gems/2.0.0/specifications/thin-1.6.3.gemspec
I, [2015-09-16T15:44:30.941759 #82716]  INFO -- : 0:  thor (0.18.1) from /Users/cschwartz/.rbenv/versions/2.0.0-p353/lib/ruby/gems/2.0.0/specifications/thor-0.18.1.gemspec
I, [2015-09-16T15:44:30.941959 #82716]  INFO -- : 0:  dashing (1.3.4) from /Users/cschwartz/.rbenv/versions/2.0.0-p353/lib/ruby/gems/2.0.0/specifications/dashing-1.3.4.gemspec
I, [2015-09-16T15:44:30.942179 #82716]  INFO -- : 0:  unf_ext (0.0.7.1) from /Users/cschwartz/.rbenv/versions/2.0.0-p353/lib/ruby/gems/2.0.0/specifications/unf_ext-0.0.7.1.gemspec
I, [2015-09-16T15:44:31.952772 #82716]  INFO -- : 0:  unf (0.1.4) from /Users/cschwartz/.rbenv/versions/2.0.0-p353/lib/ruby/gems/2.0.0/specifications/unf-0.1.4.gemspec
I, [2015-09-16T15:44:32.955846 #82716]  INFO -- : 0:  domain_name (0.5.24) from /Users/cschwartz/.rbenv/versions/2.0.0-p353/lib/ruby/gems/2.0.0/specifications/domain_name-0.5.24.gemspec
I, [2015-09-16T15:44:33.873500 #82716]  INFO -- : 0:  equalizer (0.0.10) from /Users/cschwartz/.rbenv/versions/2.0.0-p353/lib/ruby/gems/2.0.0/specifications/equalizer-0.0.10.gemspec
I, [2015-09-16T15:44:33.873833 #82716]  INFO -- : 0:  multipart-post (2.0.0) from /Users/cschwartz/.rbenv/versions/2.0.0-p353/lib/ruby/gems/2.0.0/specifications/multipart-post-2.0.0.gemspec
I, [2015-09-16T15:44:34.910467 #82716]  INFO -- : 0:  faraday (0.9.1) from /Users/cschwartz/.rbenv/versions/2.0.0-p353/lib/ruby/gems/2.0.0/specifications/faraday-0.9.1.gemspec
I, [2015-09-16T15:44:34.910844 #82716]  INFO -- : 0:  http-cookie (1.0.2) from /Users/cschwartz/.rbenv/versions/2.0.0-p353/lib/ruby/gems/2.0.0/specifications/http-cookie-1.0.2.gemspec
I, [2015-09-16T15:44:35.840036 #82716]  INFO -- : 0:  http-form_data (1.0.1) from /Users/cschwartz/.rbenv/versions/2.0.0-p353/lib/ruby/gems/2.0.0/specifications/http-form_data-1.0.1.gemspec
E, [2015-09-16T15:51:30.598183 #82716] ERROR -- : Gem::RemoteFetcher::FetchError: Errno::ECONNRESET: Connection reset by peer - SSL_connect (https://rubygems.org/gems/http_parser.rb-0.6.0.gem)
/Users/cschwartz/.rbenv/versions/2.0.0-p353/lib/ruby/2.0.0/rubygems/remote_fetcher.rb:290:in `rescue in fetch_path'  \n/Users/cschwartz/.rbenv/versions/2.0.0-p353/lib/ruby/2.0.0/rubygems/remote_fetcher.rb:263:in `fetch_path'  \n/Users/cschwartz/.rbenv/versions/2.0.0-p353/lib/ruby/2.0.0/rubygems/remote_fetcher.rb:304:in `cache_update_path'  \n/Users/cschwartz/.rbenv/versions/2.0.0-p353/lib/ruby/2.0.0/rubygems/remote_fetcher.rb:170:in `download'  \n/Users/cschwartz/.rbenv/versions/2.0.0-p353/lib/ruby/gems/2.0.0/gems/bundler-1.5.1/lib/bundler/rubygems_integration.rb:511:in `download_gem'  \n/Users/cschwartz/.rbenv/versions/2.0.0-p353/lib/ruby/gems/2.0.0/gems/bundler-1.5.1/lib/bundler/fetcher.rb:41:in `download_gem_from_uri'  \n/Users/cschwartz/.rbenv/versions/2.0.0-p353/lib/ruby/gems/2.0.0/gems/bundler-1.5.1/lib/bundler/source/rubygems.rb:78:in `install'  \n/Users/cschwartz/.rbenv/versions/2.0.0-p353/lib/ruby/gems/2.0.0/gems/bundler-1.5.1/lib/bundler/installer.rb:111:in `block in install_gem_from_spec'  \n/Users/cschwartz/.rbenv/versions/2.0.0-p353/lib/ruby/gems/2.0.0/gems/bundler-1.5.1/lib/bundler/rubygems_integration.rb:150:in `with_build_args'  \n/Users/cschwartz/.rbenv/versions/2.0.0-p353/lib/ruby/gems/2.0.0/gems/bundler-1.5.1/lib/bundler/installer.rb:110:in `install_gem_from_spec'  \n/Users/cschwartz/.rbenv/versions/2.0.0-p353/lib/ruby/gems/2.0.0/gems/bundler-1.5.1/lib/bundler/installer.rb:295:in `block in install_sequentially'  \n/Users/cschwartz/.rbenv/versions/2.0.0-p353/lib/ruby/2.0.0/forwardable.rb:171:in `each'  \n/Users/cschwartz/.rbenv/versions/2.0.0-p353/lib/ruby/2.0.0/forwardable.rb:171:in `each'  \n/Users/cschwartz/.rbenv/versions/2.0.0-p353/lib/ruby/gems/2.0.0/gems/bundler-1.5.1/lib/bundler/installer.rb:294:in `install_sequentially'  \n/Users/cschwartz/.rbenv/versions/2.0.0-p353/lib/ruby/gems/2.0.0/gems/bundler-1.5.1/lib/bundler/installer.rb:97:in `run'  \n/Users/cschwartz/.rbenv/versions/2.0.0-p353/lib/ruby/gems/2.0.0/gems/bundler-1.5.1/lib/bundler/installer.rb:15:in `install'  \n/Users/cschwartz/.rbenv/versions/2.0.0-p353/lib/ruby/gems/2.0.0/gems/bundler-1.5.1/lib/bundler/cli.rb:257:in `install'  \n/Users/cschwartz/.rbenv/versions/2.0.0-p353/lib/ruby/gems/2.0.0/gems/bundler-1.5.1/lib/bundler/vendor/thor/command.rb:27:in `run'  \n/Users/cschwartz/.rbenv/versions/2.0.0-p353/lib/ruby/gems/2.0.0/gems/bundler-1.5.1/lib/bundler/vendor/thor/invocation.rb:120:in `invoke_command'  \n/Users/cschwartz/.rbenv/versions/2.0.0-p353/lib/ruby/gems/2.0.0/gems/bundler-1.5.1/lib/bundler/vendor/thor.rb:363:in `dispatch'  \n/Users/cschwartz/.rbenv/versions/2.0.0-p353/lib/ruby/gems/2.0.0/gems/bundler-1.5.1/lib/bundler/vendor/thor/base.rb:438:in `start'  \n/Users/cschwartz/.rbenv/versions/2.0.0-p353/lib/ruby/gems/2.0.0/gems/bundler-1.5.1/lib/bundler/cli.rb:10:in `start'  \n/Users/cschwartz/.rbenv/versions/2.0.0-p353/lib/ruby/gems/2.0.0/gems/bundler-1.5.1/bin/bundle:22:in `block in <top (required)>'  \n/Users/cschwartz/.rbenv/versions/2.0.0-p353/lib/ruby/gems/2.0.0/gems/bundler-1.5.1/lib/bundler/friendly_errors.rb:5:in `with_friendly_errors'  \n/Users/cschwartz/.rbenv/versions/2.0.0-p353/lib/ruby/gems/2.0.0/gems/bundler-1.5.1/bin/bundle:22:in `<top (required)>'  \n/Users/cschwartz/.rbenv/versions/2.0.0-p353/bin/bundle:23:in `load'  \n/Users/cschwartz/.rbenv/versions/2.0.0-p353/bin/bundle:23:in `<main>'
I, [2015-09-16T15:51:41.184161 #82783]  INFO -- : 0:  addressable (2.3.8) from /Users/cschwartz/.rbenv/versions/2.0.0-p353/lib/ruby/gems/2.0.0/specifications/addressable-2.3.8.gemspec
I, [2015-09-16T15:51:41.184954 #82783]  INFO -- : 0:  backports (3.6.6) from /Users/cschwartz/.rbenv/versions/2.0.0-p353/lib/ruby/gems/2.0.0/specifications/backports-3.6.6.gemspec
I, [2015-09-16T15:51:41.185207 #82783]  INFO -- : 0:  buftok (0.2.0) from /Users/cschwartz/.rbenv/versions/2.0.0-p353/lib/ruby/gems/2.0.0/specifications/buftok-0.2.0.gemspec
I, [2015-09-16T15:51:41.185461 #82783]  INFO -- : 0:  coffee-script-source (1.9.1.1) from /Users/cschwartz/.rbenv/versions/2.0.0-p353/lib/ruby/gems/2.0.0/specifications/coffee-script-source-1.9.1.1.gemspec
I, [2015-09-16T15:51:41.185710 #82783]  INFO -- : 0:  execjs (2.0.2) from /Users/cschwartz/.rbenv/versions/2.0.0-p353/lib/ruby/gems/2.0.0/specifications/execjs-2.0.2.gemspec
I, [2015-09-16T15:51:41.185937 #82783]  INFO -- : 0:  coffee-script (2.2.0) from /Users/cschwartz/.rbenv/versions/2.0.0-p353/lib/ruby/gems/2.0.0/specifications/coffee-script-2.2.0.gemspec
I, [2015-09-16T15:51:41.186160 #82783]  INFO -- : 0:  daemons (1.2.3) from /Users/cschwartz/.rbenv/versions/2.0.0-p353/lib/ruby/gems/2.0.0/specifications/daemons-1.2.3.gemspec
I, [2015-09-16T15:51:41.186385 #82783]  INFO -- : 0:  rack (1.5.5) from /Users/cschwartz/.rbenv/versions/2.0.0-p353/lib/ruby/gems/2.0.0/specifications/rack-1.5.5.gemspec
I, [2015-09-16T15:51:41.186640 #82783]  INFO -- : 0:  thread_safe (0.3.5) from /Users/cschwartz/.rbenv/versions/2.0.0-p353/lib/ruby/gems/2.0.0/specifications/thread_safe-0.3.5.gemspec
I, [2015-09-16T15:51:41.186936 #82783]  INFO -- : 0:  tzinfo (1.2.2) from /Users/cschwartz/.rbenv/versions/2.0.0-p353/lib/ruby/gems/2.0.0/specifications/tzinfo-1.2.2.gemspec
I, [2015-09-16T15:51:41.187224 #82783]  INFO -- : 0:  rufus-scheduler (2.0.24) from /Users/cschwartz/.rbenv/versions/2.0.0-p353/lib/ruby/gems/2.0.0/specifications/rufus-scheduler-2.0.24.gemspec
I, [2015-09-16T15:51:41.187525 #82783]  INFO -- : 0:  sass (3.2.19) from /Users/cschwartz/.rbenv/versions/2.0.0-p353/lib/ruby/gems/2.0.0/specifications/sass-3.2.19.gemspec
I, [2015-09-16T15:51:41.187775 #82783]  INFO -- : 0:  rack-protection (1.5.3) from /Users/cschwartz/.rbenv/versions/2.0.0-p353/lib/ruby/gems/2.0.0/specifications/rack-protection-1.5.3.gemspec
I, [2015-09-16T15:51:41.188015 #82783]  INFO -- : 0:  tilt (1.4.1) from /Users/cschwartz/.rbenv/versions/2.0.0-p353/lib/ruby/gems/2.0.0/specifications/tilt-1.4.1.gemspec
I, [2015-09-16T15:51:41.188273 #82783]  INFO -- : 0:  sinatra (1.4.6) from /Users/cschwartz/.rbenv/versions/2.0.0-p353/lib/ruby/gems/2.0.0/specifications/sinatra-1.4.6.gemspec
I, [2015-09-16T15:51:41.188539 #82783]  INFO -- : 0:  multi_json (1.11.2) from /Users/cschwartz/.rbenv/versions/2.0.0-p353/lib/ruby/gems/2.0.0/specifications/multi_json-1.11.2.gemspec
I, [2015-09-16T15:51:41.188790 #82783]  INFO -- : 0:  rack-test (0.6.3) from /Users/cschwartz/.rbenv/versions/2.0.0-p353/lib/ruby/gems/2.0.0/specifications/rack-test-0.6.3.gemspec
I, [2015-09-16T15:51:41.189061 #82783]  INFO -- : 0:  sinatra-contrib (1.4.6) from /Users/cschwartz/.rbenv/versions/2.0.0-p353/lib/ruby/gems/2.0.0/specifications/sinatra-contrib-1.4.6.gemspec
I, [2015-09-16T15:51:41.189311 #82783]  INFO -- : 0:  hike (1.2.3) from /Users/cschwartz/.rbenv/versions/2.0.0-p353/lib/ruby/gems/2.0.0/specifications/hike-1.2.3.gemspec
I, [2015-09-16T15:51:41.189570 #82783]  INFO -- : 0:  sprockets (2.10.1) from /Users/cschwartz/.rbenv/versions/2.0.0-p353/lib/ruby/gems/2.0.0/specifications/sprockets-2.10.1.gemspec
I, [2015-09-16T15:51:41.189826 #82783]  INFO -- : 0:  eventmachine (1.0.8) from /Users/cschwartz/.rbenv/versions/2.0.0-p353/lib/ruby/gems/2.0.0/specifications/eventmachine-1.0.8.gemspec
I, [2015-09-16T15:51:41.190079 #82783]  INFO -- : 0:  thin (1.6.3) from /Users/cschwartz/.rbenv/versions/2.0.0-p353/lib/ruby/gems/2.0.0/specifications/thin-1.6.3.gemspec
I, [2015-09-16T15:51:41.190330 #82783]  INFO -- : 0:  thor (0.18.1) from /Users/cschwartz/.rbenv/versions/2.0.0-p353/lib/ruby/gems/2.0.0/specifications/thor-0.18.1.gemspec
I, [2015-09-16T15:51:41.190576 #82783]  INFO -- : 0:  dashing (1.3.4) from /Users/cschwartz/.rbenv/versions/2.0.0-p353/lib/ruby/gems/2.0.0/specifications/dashing-1.3.4.gemspec
I, [2015-09-16T15:51:41.190828 #82783]  INFO -- : 0:  unf_ext (0.0.7.1) from /Users/cschwartz/.rbenv/versions/2.0.0-p353/lib/ruby/gems/2.0.0/specifications/unf_ext-0.0.7.1.gemspec
I, [2015-09-16T15:51:41.191055 #82783]  INFO -- : 0:  unf (0.1.4) from /Users/cschwartz/.rbenv/versions/2.0.0-p353/lib/ruby/gems/2.0.0/specifications/unf-0.1.4.gemspec
I, [2015-09-16T15:51:41.191401 #82783]  INFO -- : 0:  domain_name (0.5.24) from /Users/cschwartz/.rbenv/versions/2.0.0-p353/lib/ruby/gems/2.0.0/specifications/domain_name-0.5.24.gemspec
I, [2015-09-16T15:51:41.191718 #82783]  INFO -- : 0:  equalizer (0.0.10) from /Users/cschwartz/.rbenv/versions/2.0.0-p353/lib/ruby/gems/2.0.0/specifications/equalizer-0.0.10.gemspec
I, [2015-09-16T15:51:41.191962 #82783]  INFO -- : 0:  multipart-post (2.0.0) from /Users/cschwartz/.rbenv/versions/2.0.0-p353/lib/ruby/gems/2.0.0/specifications/multipart-post-2.0.0.gemspec
I, [2015-09-16T15:51:41.192272 #82783]  INFO -- : 0:  faraday (0.9.1) from /Users/cschwartz/.rbenv/versions/2.0.0-p353/lib/ruby/gems/2.0.0/specifications/faraday-0.9.1.gemspec
I, [2015-09-16T15:51:41.192507 #82783]  INFO -- : 0:  http-cookie (1.0.2) from /Users/cschwartz/.rbenv/versions/2.0.0-p353/lib/ruby/gems/2.0.0/specifications/http-cookie-1.0.2.gemspec
I, [2015-09-16T15:51:41.192739 #82783]  INFO -- : 0:  http-form_data (1.0.1) from /Users/cschwartz/.rbenv/versions/2.0.0-p353/lib/ruby/gems/2.0.0/specifications/http-form_data-1.0.1.gemspec
I, [2015-09-16T15:51:43.495284 #82783]  INFO -- : 0:  http_parser.rb (0.6.0) from /Users/cschwartz/.rbenv/versions/2.0.0-p353/lib/ruby/gems/2.0.0/specifications/http_parser.rb-0.6.0.gemspec
I, [2015-09-16T15:51:44.778905 #82783]  INFO -- : 0:  http (0.9.6) from /Users/cschwartz/.rbenv/versions/2.0.0-p353/lib/ruby/gems/2.0.0/specifications/http-0.9.6.gemspec
I, [2015-09-16T15:51:46.824423 #82783]  INFO -- : 0:  json (1.8.3) from /Users/cschwartz/.rbenv/versions/2.0.0-p353/lib/ruby/gems/2.0.0/specifications/json-1.8.3.gemspec
I, [2015-09-16T15:51:47.781869 #82783]  INFO -- : 0:  memoizable (0.4.2) from /Users/cschwartz/.rbenv/versions/2.0.0-p353/lib/ruby/gems/2.0.0/specifications/memoizable-0.4.2.gemspec
I, [2015-09-16T15:51:48.839140 #82783]  INFO -- : 0:  naught (1.1.0) from /Users/cschwartz/.rbenv/versions/2.0.0-p353/lib/ruby/gems/2.0.0/specifications/naught-1.1.0.gemspec
I, [2015-09-16T15:51:49.818866 #82783]  INFO -- : 0:  simple_oauth (0.3.1) from /Users/cschwartz/.rbenv/versions/2.0.0-p353/lib/ruby/gems/2.0.0/specifications/simple_oauth-0.3.1.gemspec
I, [2015-09-16T15:51:50.971517 #82783]  INFO -- : 0:  twitter (5.15.0) from /Users/cschwartz/.rbenv/versions/2.0.0-p353/lib/ruby/gems/2.0.0/specifications/twitter-5.15.0.gemspec
I, [2015-09-16T15:51:50.971965 #82783]  INFO -- : 0:  bundler (1.5.1) from /Users/cschwartz/.rbenv/versions/2.0.0-p353/lib/ruby/gems/2.0.0/specifications/bundler-1.5.1.gemspec
I, [2015-09-17T11:17:24.824789 #95930]  INFO -- : 0:  addressable (2.3.8) from /Users/cschwartz/.rbenv/versions/2.0.0-p353/lib/ruby/gems/2.0.0/specifications/addressable-2.3.8.gemspec
I, [2015-09-17T11:17:24.825536 #95930]  INFO -- : 0:  backports (3.6.6) from /Users/cschwartz/.rbenv/versions/2.0.0-p353/lib/ruby/gems/2.0.0/specifications/backports-3.6.6.gemspec
I, [2015-09-17T11:17:24.825826 #95930]  INFO -- : 0:  buftok (0.2.0) from /Users/cschwartz/.rbenv/versions/2.0.0-p353/lib/ruby/gems/2.0.0/specifications/buftok-0.2.0.gemspec
I, [2015-09-17T11:17:24.826066 #95930]  INFO -- : 0:  coderay (1.1.0) from /Users/cschwartz/.rbenv/versions/2.0.0-p353/lib/ruby/gems/2.0.0/specifications/coderay-1.1.0.gemspec
I, [2015-09-17T11:17:24.826319 #95930]  INFO -- : 0:  coffee-script-source (1.9.1.1) from /Users/cschwartz/.rbenv/versions/2.0.0-p353/lib/ruby/gems/2.0.0/specifications/coffee-script-source-1.9.1.1.gemspec
I, [2015-09-17T11:17:24.826562 #95930]  INFO -- : 0:  execjs (2.0.2) from /Users/cschwartz/.rbenv/versions/2.0.0-p353/lib/ruby/gems/2.0.0/specifications/execjs-2.0.2.gemspec
I, [2015-09-17T11:17:24.826797 #95930]  INFO -- : 0:  coffee-script (2.2.0) from /Users/cschwartz/.rbenv/versions/2.0.0-p353/lib/ruby/gems/2.0.0/specifications/coffee-script-2.2.0.gemspec
I, [2015-09-17T11:17:24.827033 #95930]  INFO -- : 0:  daemons (1.2.3) from /Users/cschwartz/.rbenv/versions/2.0.0-p353/lib/ruby/gems/2.0.0/specifications/daemons-1.2.3.gemspec
I, [2015-09-17T11:17:24.827264 #95930]  INFO -- : 0:  rack (1.5.5) from /Users/cschwartz/.rbenv/versions/2.0.0-p353/lib/ruby/gems/2.0.0/specifications/rack-1.5.5.gemspec
I, [2015-09-17T11:17:24.827494 #95930]  INFO -- : 0:  thread_safe (0.3.5) from /Users/cschwartz/.rbenv/versions/2.0.0-p353/lib/ruby/gems/2.0.0/specifications/thread_safe-0.3.5.gemspec
I, [2015-09-17T11:17:24.827725 #95930]  INFO -- : 0:  tzinfo (1.2.2) from /Users/cschwartz/.rbenv/versions/2.0.0-p353/lib/ruby/gems/2.0.0/specifications/tzinfo-1.2.2.gemspec
I, [2015-09-17T11:17:24.827948 #95930]  INFO -- : 0:  rufus-scheduler (2.0.24) from /Users/cschwartz/.rbenv/versions/2.0.0-p353/lib/ruby/gems/2.0.0/specifications/rufus-scheduler-2.0.24.gemspec
I, [2015-09-17T11:17:24.828189 #95930]  INFO -- : 0:  sass (3.2.19) from /Users/cschwartz/.rbenv/versions/2.0.0-p353/lib/ruby/gems/2.0.0/specifications/sass-3.2.19.gemspec
I, [2015-09-17T11:17:24.828424 #95930]  INFO -- : 0:  rack-protection (1.5.3) from /Users/cschwartz/.rbenv/versions/2.0.0-p353/lib/ruby/gems/2.0.0/specifications/rack-protection-1.5.3.gemspec
I, [2015-09-17T11:17:24.828649 #95930]  INFO -- : 0:  tilt (1.4.1) from /Users/cschwartz/.rbenv/versions/2.0.0-p353/lib/ruby/gems/2.0.0/specifications/tilt-1.4.1.gemspec
I, [2015-09-17T11:17:24.828876 #95930]  INFO -- : 0:  sinatra (1.4.6) from /Users/cschwartz/.rbenv/versions/2.0.0-p353/lib/ruby/gems/2.0.0/specifications/sinatra-1.4.6.gemspec
I, [2015-09-17T11:17:24.829110 #95930]  INFO -- : 0:  multi_json (1.11.2) from /Users/cschwartz/.rbenv/versions/2.0.0-p353/lib/ruby/gems/2.0.0/specifications/multi_json-1.11.2.gemspec
I, [2015-09-17T11:17:24.829342 #95930]  INFO -- : 0:  rack-test (0.6.3) from /Users/cschwartz/.rbenv/versions/2.0.0-p353/lib/ruby/gems/2.0.0/specifications/rack-test-0.6.3.gemspec
I, [2015-09-17T11:17:24.829561 #95930]  INFO -- : 0:  sinatra-contrib (1.4.6) from /Users/cschwartz/.rbenv/versions/2.0.0-p353/lib/ruby/gems/2.0.0/specifications/sinatra-contrib-1.4.6.gemspec
I, [2015-09-17T11:17:24.829781 #95930]  INFO -- : 0:  hike (1.2.3) from /Users/cschwartz/.rbenv/versions/2.0.0-p353/lib/ruby/gems/2.0.0/specifications/hike-1.2.3.gemspec
I, [2015-09-17T11:17:24.830010 #95930]  INFO -- : 0:  sprockets (2.10.1) from /Users/cschwartz/.rbenv/versions/2.0.0-p353/lib/ruby/gems/2.0.0/specifications/sprockets-2.10.1.gemspec
I, [2015-09-17T11:17:24.830244 #95930]  INFO -- : 0:  eventmachine (1.0.8) from /Users/cschwartz/.rbenv/versions/2.0.0-p353/lib/ruby/gems/2.0.0/specifications/eventmachine-1.0.8.gemspec
I, [2015-09-17T11:17:24.830458 #95930]  INFO -- : 0:  thin (1.6.3) from /Users/cschwartz/.rbenv/versions/2.0.0-p353/lib/ruby/gems/2.0.0/specifications/thin-1.6.3.gemspec
I, [2015-09-17T11:17:24.830694 #95930]  INFO -- : 0:  thor (0.18.1) from /Users/cschwartz/.rbenv/versions/2.0.0-p353/lib/ruby/gems/2.0.0/specifications/thor-0.18.1.gemspec
I, [2015-09-17T11:17:24.830919 #95930]  INFO -- : 0:  dashing (1.3.4) from /Users/cschwartz/.rbenv/versions/2.0.0-p353/lib/ruby/gems/2.0.0/specifications/dashing-1.3.4.gemspec
I, [2015-09-17T11:17:24.831185 #95930]  INFO -- : 0:  unf_ext (0.0.7.1) from /Users/cschwartz/.rbenv/versions/2.0.0-p353/lib/ruby/gems/2.0.0/specifications/unf_ext-0.0.7.1.gemspec
I, [2015-09-17T11:17:24.831398 #95930]  INFO -- : 0:  unf (0.1.4) from /Users/cschwartz/.rbenv/versions/2.0.0-p353/lib/ruby/gems/2.0.0/specifications/unf-0.1.4.gemspec
I, [2015-09-17T11:17:24.831610 #95930]  INFO -- : 0:  domain_name (0.5.24) from /Users/cschwartz/.rbenv/versions/2.0.0-p353/lib/ruby/gems/2.0.0/specifications/domain_name-0.5.24.gemspec
I, [2015-09-17T11:17:24.831820 #95930]  INFO -- : 0:  equalizer (0.0.10) from /Users/cschwartz/.rbenv/versions/2.0.0-p353/lib/ruby/gems/2.0.0/specifications/equalizer-0.0.10.gemspec
I, [2015-09-17T11:17:24.832043 #95930]  INFO -- : 0:  multipart-post (2.0.0) from /Users/cschwartz/.rbenv/versions/2.0.0-p353/lib/ruby/gems/2.0.0/specifications/multipart-post-2.0.0.gemspec
I, [2015-09-17T11:17:24.832300 #95930]  INFO -- : 0:  faraday (0.9.1) from /Users/cschwartz/.rbenv/versions/2.0.0-p353/lib/ruby/gems/2.0.0/specifications/faraday-0.9.1.gemspec
I, [2015-09-17T11:17:24.832645 #95930]  INFO -- : 0:  http-cookie (1.0.2) from /Users/cschwartz/.rbenv/versions/2.0.0-p353/lib/ruby/gems/2.0.0/specifications/http-cookie-1.0.2.gemspec
I, [2015-09-17T11:17:24.832872 #95930]  INFO -- : 0:  http-form_data (1.0.1) from /Users/cschwartz/.rbenv/versions/2.0.0-p353/lib/ruby/gems/2.0.0/specifications/http-form_data-1.0.1.gemspec
I, [2015-09-17T11:17:24.833109 #95930]  INFO -- : 0:  http_parser.rb (0.6.0) from /Users/cschwartz/.rbenv/versions/2.0.0-p353/lib/ruby/gems/2.0.0/specifications/http_parser.rb-0.6.0.gemspec
I, [2015-09-17T11:17:24.833348 #95930]  INFO -- : 0:  http (0.9.6) from /Users/cschwartz/.rbenv/versions/2.0.0-p353/lib/ruby/gems/2.0.0/specifications/http-0.9.6.gemspec
I, [2015-09-17T11:17:24.833574 #95930]  INFO -- : 0:  icalendar (2.3.0) from /Users/cschwartz/.rbenv/versions/2.0.0-p353/lib/ruby/gems/2.0.0/specifications/icalendar-2.3.0.gemspec
I, [2015-09-17T11:17:26.354475 #95930]  INFO -- : 0:  ice_cube (0.13.0) from /Users/cschwartz/.rbenv/versions/2.0.0-p353/lib/ruby/gems/2.0.0/specifications/ice_cube-0.13.0.gemspec
I, [2015-09-17T11:17:27.646111 #95930]  INFO -- : 0:  icalendar-recurrence (1.1.0) from /Users/cschwartz/.rbenv/versions/2.0.0-p353/lib/ruby/gems/2.0.0/specifications/icalendar-recurrence-1.1.0.gemspec
I, [2015-09-17T11:17:27.646488 #95930]  INFO -- : 0:  json (1.8.3) from /Users/cschwartz/.rbenv/versions/2.0.0-p353/lib/ruby/gems/2.0.0/specifications/json-1.8.3.gemspec
I, [2015-09-17T11:17:27.646751 #95930]  INFO -- : 0:  memoizable (0.4.2) from /Users/cschwartz/.rbenv/versions/2.0.0-p353/lib/ruby/gems/2.0.0/specifications/memoizable-0.4.2.gemspec
I, [2015-09-17T11:17:27.646983 #95930]  INFO -- : 0:  method_source (0.8.2) from /Users/cschwartz/.rbenv/versions/2.0.0-p353/lib/ruby/gems/2.0.0/specifications/method_source-0.8.2.gemspec
I, [2015-09-17T11:17:27.647218 #95930]  INFO -- : 0:  naught (1.1.0) from /Users/cschwartz/.rbenv/versions/2.0.0-p353/lib/ruby/gems/2.0.0/specifications/naught-1.1.0.gemspec
I, [2015-09-17T11:17:27.647449 #95930]  INFO -- : 0:  slop (3.6.0) from /Users/cschwartz/.rbenv/versions/2.0.0-p353/lib/ruby/gems/2.0.0/specifications/slop-3.6.0.gemspec
I, [2015-09-17T11:17:27.647682 #95930]  INFO -- : 0:  pry (0.10.1) from /Users/cschwartz/.rbenv/versions/2.0.0-p353/lib/ruby/gems/2.0.0/specifications/pry-0.10.1.gemspec
I, [2015-09-17T11:17:27.647908 #95930]  INFO -- : 0:  simple_oauth (0.3.1) from /Users/cschwartz/.rbenv/versions/2.0.0-p353/lib/ruby/gems/2.0.0/specifications/simple_oauth-0.3.1.gemspec
I, [2015-09-17T11:17:27.648131 #95930]  INFO -- : 0:  twitter (5.15.0) from /Users/cschwartz/.rbenv/versions/2.0.0-p353/lib/ruby/gems/2.0.0/specifications/twitter-5.15.0.gemspec
I, [2015-09-17T11:17:27.648345 #95930]  INFO -- : 0:  bundler (1.5.1) from /Users/cschwartz/.rbenv/versions/2.0.0-p353/lib/ruby/gems/2.0.0/specifications/bundler-1.5.1.gemspec
I, [2015-09-17T13:56:59.334057 #2429]  INFO -- : 0:  addressable (2.3.8) from /Users/cschwartz/.rbenv/versions/2.0.0-p353/lib/ruby/gems/2.0.0/specifications/addressable-2.3.8.gemspec
I, [2015-09-17T13:56:59.334771 #2429]  INFO -- : 0:  backports (3.6.6) from /Users/cschwartz/.rbenv/versions/2.0.0-p353/lib/ruby/gems/2.0.0/specifications/backports-3.6.6.gemspec
I, [2015-09-17T13:56:59.335000 #2429]  INFO -- : 0:  buftok (0.2.0) from /Users/cschwartz/.rbenv/versions/2.0.0-p353/lib/ruby/gems/2.0.0/specifications/buftok-0.2.0.gemspec
I, [2015-09-17T13:56:59.335237 #2429]  INFO -- : 0:  coffee-script-source (1.9.1.1) from /Users/cschwartz/.rbenv/versions/2.0.0-p353/lib/ruby/gems/2.0.0/specifications/coffee-script-source-1.9.1.1.gemspec
I, [2015-09-17T13:56:59.335462 #2429]  INFO -- : 0:  execjs (2.0.2) from /Users/cschwartz/.rbenv/versions/2.0.0-p353/lib/ruby/gems/2.0.0/specifications/execjs-2.0.2.gemspec
I, [2015-09-17T13:56:59.335684 #2429]  INFO -- : 0:  coffee-script (2.2.0) from /Users/cschwartz/.rbenv/versions/2.0.0-p353/lib/ruby/gems/2.0.0/specifications/coffee-script-2.2.0.gemspec
I, [2015-09-17T13:56:59.335899 #2429]  INFO -- : 0:  daemons (1.2.3) from /Users/cschwartz/.rbenv/versions/2.0.0-p353/lib/ruby/gems/2.0.0/specifications/daemons-1.2.3.gemspec
I, [2015-09-17T13:56:59.336145 #2429]  INFO -- : 0:  rack (1.5.5) from /Users/cschwartz/.rbenv/versions/2.0.0-p353/lib/ruby/gems/2.0.0/specifications/rack-1.5.5.gemspec
I, [2015-09-17T13:56:59.336373 #2429]  INFO -- : 0:  thread_safe (0.3.5) from /Users/cschwartz/.rbenv/versions/2.0.0-p353/lib/ruby/gems/2.0.0/specifications/thread_safe-0.3.5.gemspec
I, [2015-09-17T13:56:59.336583 #2429]  INFO -- : 0:  tzinfo (1.2.2) from /Users/cschwartz/.rbenv/versions/2.0.0-p353/lib/ruby/gems/2.0.0/specifications/tzinfo-1.2.2.gemspec
I, [2015-09-17T13:56:59.336789 #2429]  INFO -- : 0:  rufus-scheduler (2.0.24) from /Users/cschwartz/.rbenv/versions/2.0.0-p353/lib/ruby/gems/2.0.0/specifications/rufus-scheduler-2.0.24.gemspec
I, [2015-09-17T13:56:59.337009 #2429]  INFO -- : 0:  sass (3.2.19) from /Users/cschwartz/.rbenv/versions/2.0.0-p353/lib/ruby/gems/2.0.0/specifications/sass-3.2.19.gemspec
I, [2015-09-17T13:56:59.337219 #2429]  INFO -- : 0:  rack-protection (1.5.3) from /Users/cschwartz/.rbenv/versions/2.0.0-p353/lib/ruby/gems/2.0.0/specifications/rack-protection-1.5.3.gemspec
I, [2015-09-17T13:56:59.337426 #2429]  INFO -- : 0:  tilt (1.4.1) from /Users/cschwartz/.rbenv/versions/2.0.0-p353/lib/ruby/gems/2.0.0/specifications/tilt-1.4.1.gemspec
I, [2015-09-17T13:56:59.337636 #2429]  INFO -- : 0:  sinatra (1.4.6) from /Users/cschwartz/.rbenv/versions/2.0.0-p353/lib/ruby/gems/2.0.0/specifications/sinatra-1.4.6.gemspec
I, [2015-09-17T13:56:59.337855 #2429]  INFO -- : 0:  multi_json (1.11.2) from /Users/cschwartz/.rbenv/versions/2.0.0-p353/lib/ruby/gems/2.0.0/specifications/multi_json-1.11.2.gemspec
I, [2015-09-17T13:56:59.338062 #2429]  INFO -- : 0:  rack-test (0.6.3) from /Users/cschwartz/.rbenv/versions/2.0.0-p353/lib/ruby/gems/2.0.0/specifications/rack-test-0.6.3.gemspec
I, [2015-09-17T13:56:59.338265 #2429]  INFO -- : 0:  sinatra-contrib (1.4.6) from /Users/cschwartz/.rbenv/versions/2.0.0-p353/lib/ruby/gems/2.0.0/specifications/sinatra-contrib-1.4.6.gemspec
I, [2015-09-17T13:56:59.338469 #2429]  INFO -- : 0:  hike (1.2.3) from /Users/cschwartz/.rbenv/versions/2.0.0-p353/lib/ruby/gems/2.0.0/specifications/hike-1.2.3.gemspec
I, [2015-09-17T13:56:59.338682 #2429]  INFO -- : 0:  sprockets (2.10.1) from /Users/cschwartz/.rbenv/versions/2.0.0-p353/lib/ruby/gems/2.0.0/specifications/sprockets-2.10.1.gemspec
I, [2015-09-17T13:56:59.338888 #2429]  INFO -- : 0:  eventmachine (1.0.8) from /Users/cschwartz/.rbenv/versions/2.0.0-p353/lib/ruby/gems/2.0.0/specifications/eventmachine-1.0.8.gemspec
I, [2015-09-17T13:56:59.339108 #2429]  INFO -- : 0:  thin (1.6.3) from /Users/cschwartz/.rbenv/versions/2.0.0-p353/lib/ruby/gems/2.0.0/specifications/thin-1.6.3.gemspec
I, [2015-09-17T13:56:59.339312 #2429]  INFO -- : 0:  thor (0.18.1) from /Users/cschwartz/.rbenv/versions/2.0.0-p353/lib/ruby/gems/2.0.0/specifications/thor-0.18.1.gemspec
I, [2015-09-17T13:56:59.339516 #2429]  INFO -- : 0:  dashing (1.3.4) from /Users/cschwartz/.rbenv/versions/2.0.0-p353/lib/ruby/gems/2.0.0/specifications/dashing-1.3.4.gemspec
I, [2015-09-17T13:56:59.339722 #2429]  INFO -- : 0:  unf_ext (0.0.7.1) from /Users/cschwartz/.rbenv/versions/2.0.0-p353/lib/ruby/gems/2.0.0/specifications/unf_ext-0.0.7.1.gemspec
I, [2015-09-17T13:56:59.339948 #2429]  INFO -- : 0:  unf (0.1.4) from /Users/cschwartz/.rbenv/versions/2.0.0-p353/lib/ruby/gems/2.0.0/specifications/unf-0.1.4.gemspec
I, [2015-09-17T13:56:59.340167 #2429]  INFO -- : 0:  domain_name (0.5.24) from /Users/cschwartz/.rbenv/versions/2.0.0-p353/lib/ruby/gems/2.0.0/specifications/domain_name-0.5.24.gemspec
I, [2015-09-17T13:56:59.340369 #2429]  INFO -- : 0:  equalizer (0.0.10) from /Users/cschwartz/.rbenv/versions/2.0.0-p353/lib/ruby/gems/2.0.0/specifications/equalizer-0.0.10.gemspec
I, [2015-09-17T13:56:59.340573 #2429]  INFO -- : 0:  multipart-post (2.0.0) from /Users/cschwartz/.rbenv/versions/2.0.0-p353/lib/ruby/gems/2.0.0/specifications/multipart-post-2.0.0.gemspec
I, [2015-09-17T13:56:59.340778 #2429]  INFO -- : 0:  faraday (0.9.1) from /Users/cschwartz/.rbenv/versions/2.0.0-p353/lib/ruby/gems/2.0.0/specifications/faraday-0.9.1.gemspec
I, [2015-09-17T13:56:59.340981 #2429]  INFO -- : 0:  http-cookie (1.0.2) from /Users/cschwartz/.rbenv/versions/2.0.0-p353/lib/ruby/gems/2.0.0/specifications/http-cookie-1.0.2.gemspec
I, [2015-09-17T13:56:59.341242 #2429]  INFO -- : 0:  http-form_data (1.0.1) from /Users/cschwartz/.rbenv/versions/2.0.0-p353/lib/ruby/gems/2.0.0/specifications/http-form_data-1.0.1.gemspec
I, [2015-09-17T13:56:59.341453 #2429]  INFO -- : 0:  http_parser.rb (0.6.0) from /Users/cschwartz/.rbenv/versions/2.0.0-p353/lib/ruby/gems/2.0.0/specifications/http_parser.rb-0.6.0.gemspec
I, [2015-09-17T13:56:59.341656 #2429]  INFO -- : 0:  http (0.9.6) from /Users/cschwartz/.rbenv/versions/2.0.0-p353/lib/ruby/gems/2.0.0/specifications/http-0.9.6.gemspec
I, [2015-09-17T13:56:59.341860 #2429]  INFO -- : 0:  icalendar (2.3.0) from /Users/cschwartz/.rbenv/versions/2.0.0-p353/lib/ruby/gems/2.0.0/specifications/icalendar-2.3.0.gemspec
I, [2015-09-17T13:56:59.342062 #2429]  INFO -- : 0:  ice_cube (0.13.0) from /Users/cschwartz/.rbenv/versions/2.0.0-p353/lib/ruby/gems/2.0.0/specifications/ice_cube-0.13.0.gemspec
I, [2015-09-17T13:56:59.342306 #2429]  INFO -- : 0:  icalendar-recurrence (1.1.0) from /Users/cschwartz/.rbenv/versions/2.0.0-p353/lib/ruby/gems/2.0.0/specifications/icalendar-recurrence-1.1.0.gemspec
I, [2015-09-17T13:56:59.342518 #2429]  INFO -- : 0:  json (1.8.3) from /Users/cschwartz/.rbenv/versions/2.0.0-p353/lib/ruby/gems/2.0.0/specifications/json-1.8.3.gemspec
I, [2015-09-17T13:56:59.342733 #2429]  INFO -- : 0:  memoizable (0.4.2) from /Users/cschwartz/.rbenv/versions/2.0.0-p353/lib/ruby/gems/2.0.0/specifications/memoizable-0.4.2.gemspec
I, [2015-09-17T13:56:59.342948 #2429]  INFO -- : 0:  mini_portile (0.6.2) from /Users/cschwartz/.rbenv/versions/2.0.0-p353/lib/ruby/gems/2.0.0/specifications/mini_portile-0.6.2.gemspec
I, [2015-09-17T13:56:59.343158 #2429]  INFO -- : 0:  naught (1.1.0) from /Users/cschwartz/.rbenv/versions/2.0.0-p353/lib/ruby/gems/2.0.0/specifications/naught-1.1.0.gemspec
I, [2015-09-17T13:56:59.360278 #2429]  INFO -- : 0:  nokogiri (1.6.6.2) from /Users/cschwartz/.rbenv/versions/2.0.0-p353/lib/ruby/gems/2.0.0/specifications/nokogiri-1.6.6.2.gemspec
I, [2015-09-17T13:56:59.360729 #2429]  INFO -- : 0:  simple_oauth (0.3.1) from /Users/cschwartz/.rbenv/versions/2.0.0-p353/lib/ruby/gems/2.0.0/specifications/simple_oauth-0.3.1.gemspec
I, [2015-09-17T13:56:59.360963 #2429]  INFO -- : 0:  twitter (5.15.0) from /Users/cschwartz/.rbenv/versions/2.0.0-p353/lib/ruby/gems/2.0.0/specifications/twitter-5.15.0.gemspec
I, [2015-09-17T13:56:59.361185 #2429]  INFO -- : 0:  bundler (1.5.1) from /Users/cschwartz/.rbenv/versions/2.0.0-p353/lib/ruby/gems/2.0.0/specifications/bundler-1.5.1.gemspec
I, [2015-09-17T13:59:02.835664 #2951]  INFO -- : 0:  addressable (2.3.8) from /Users/cschwartz/.rbenv/versions/2.0.0-p353/lib/ruby/gems/2.0.0/specifications/addressable-2.3.8.gemspec
I, [2015-09-17T13:59:02.836341 #2951]  INFO -- : 0:  backports (3.6.6) from /Users/cschwartz/.rbenv/versions/2.0.0-p353/lib/ruby/gems/2.0.0/specifications/backports-3.6.6.gemspec
I, [2015-09-17T13:59:02.836613 #2951]  INFO -- : 0:  buftok (0.2.0) from /Users/cschwartz/.rbenv/versions/2.0.0-p353/lib/ruby/gems/2.0.0/specifications/buftok-0.2.0.gemspec
I, [2015-09-17T13:59:02.836874 #2951]  INFO -- : 0:  coffee-script-source (1.9.1.1) from /Users/cschwartz/.rbenv/versions/2.0.0-p353/lib/ruby/gems/2.0.0/specifications/coffee-script-source-1.9.1.1.gemspec
I, [2015-09-17T13:59:02.837120 #2951]  INFO -- : 0:  execjs (2.0.2) from /Users/cschwartz/.rbenv/versions/2.0.0-p353/lib/ruby/gems/2.0.0/specifications/execjs-2.0.2.gemspec
I, [2015-09-17T13:59:02.837369 #2951]  INFO -- : 0:  coffee-script (2.2.0) from /Users/cschwartz/.rbenv/versions/2.0.0-p353/lib/ruby/gems/2.0.0/specifications/coffee-script-2.2.0.gemspec
I, [2015-09-17T13:59:02.837611 #2951]  INFO -- : 0:  daemons (1.2.3) from /Users/cschwartz/.rbenv/versions/2.0.0-p353/lib/ruby/gems/2.0.0/specifications/daemons-1.2.3.gemspec
I, [2015-09-17T13:59:02.837855 #2951]  INFO -- : 0:  rack (1.5.5) from /Users/cschwartz/.rbenv/versions/2.0.0-p353/lib/ruby/gems/2.0.0/specifications/rack-1.5.5.gemspec
I, [2015-09-17T13:59:02.838102 #2951]  INFO -- : 0:  thread_safe (0.3.5) from /Users/cschwartz/.rbenv/versions/2.0.0-p353/lib/ruby/gems/2.0.0/specifications/thread_safe-0.3.5.gemspec
I, [2015-09-17T13:59:02.838343 #2951]  INFO -- : 0:  tzinfo (1.2.2) from /Users/cschwartz/.rbenv/versions/2.0.0-p353/lib/ruby/gems/2.0.0/specifications/tzinfo-1.2.2.gemspec
I, [2015-09-17T13:59:02.838584 #2951]  INFO -- : 0:  rufus-scheduler (2.0.24) from /Users/cschwartz/.rbenv/versions/2.0.0-p353/lib/ruby/gems/2.0.0/specifications/rufus-scheduler-2.0.24.gemspec
I, [2015-09-17T13:59:02.838858 #2951]  INFO -- : 0:  sass (3.2.19) from /Users/cschwartz/.rbenv/versions/2.0.0-p353/lib/ruby/gems/2.0.0/specifications/sass-3.2.19.gemspec
I, [2015-09-17T13:59:02.839101 #2951]  INFO -- : 0:  rack-protection (1.5.3) from /Users/cschwartz/.rbenv/versions/2.0.0-p353/lib/ruby/gems/2.0.0/specifications/rack-protection-1.5.3.gemspec
I, [2015-09-17T13:59:02.839340 #2951]  INFO -- : 0:  tilt (1.4.1) from /Users/cschwartz/.rbenv/versions/2.0.0-p353/lib/ruby/gems/2.0.0/specifications/tilt-1.4.1.gemspec
I, [2015-09-17T13:59:02.839578 #2951]  INFO -- : 0:  sinatra (1.4.6) from /Users/cschwartz/.rbenv/versions/2.0.0-p353/lib/ruby/gems/2.0.0/specifications/sinatra-1.4.6.gemspec
I, [2015-09-17T13:59:02.839841 #2951]  INFO -- : 0:  multi_json (1.11.2) from /Users/cschwartz/.rbenv/versions/2.0.0-p353/lib/ruby/gems/2.0.0/specifications/multi_json-1.11.2.gemspec
I, [2015-09-17T13:59:02.840069 #2951]  INFO -- : 0:  rack-test (0.6.3) from /Users/cschwartz/.rbenv/versions/2.0.0-p353/lib/ruby/gems/2.0.0/specifications/rack-test-0.6.3.gemspec
I, [2015-09-17T13:59:02.840273 #2951]  INFO -- : 0:  sinatra-contrib (1.4.6) from /Users/cschwartz/.rbenv/versions/2.0.0-p353/lib/ruby/gems/2.0.0/specifications/sinatra-contrib-1.4.6.gemspec
I, [2015-09-17T13:59:02.840475 #2951]  INFO -- : 0:  hike (1.2.3) from /Users/cschwartz/.rbenv/versions/2.0.0-p353/lib/ruby/gems/2.0.0/specifications/hike-1.2.3.gemspec
I, [2015-09-17T13:59:02.840690 #2951]  INFO -- : 0:  sprockets (2.10.1) from /Users/cschwartz/.rbenv/versions/2.0.0-p353/lib/ruby/gems/2.0.0/specifications/sprockets-2.10.1.gemspec
I, [2015-09-17T13:59:02.840898 #2951]  INFO -- : 0:  eventmachine (1.0.8) from /Users/cschwartz/.rbenv/versions/2.0.0-p353/lib/ruby/gems/2.0.0/specifications/eventmachine-1.0.8.gemspec
I, [2015-09-17T13:59:02.841106 #2951]  INFO -- : 0:  thin (1.6.3) from /Users/cschwartz/.rbenv/versions/2.0.0-p353/lib/ruby/gems/2.0.0/specifications/thin-1.6.3.gemspec
I, [2015-09-17T13:59:02.841337 #2951]  INFO -- : 0:  thor (0.18.1) from /Users/cschwartz/.rbenv/versions/2.0.0-p353/lib/ruby/gems/2.0.0/specifications/thor-0.18.1.gemspec
I, [2015-09-17T13:59:02.841546 #2951]  INFO -- : 0:  dashing (1.3.4) from /Users/cschwartz/.rbenv/versions/2.0.0-p353/lib/ruby/gems/2.0.0/specifications/dashing-1.3.4.gemspec
I, [2015-09-17T13:59:02.841756 #2951]  INFO -- : 0:  unf_ext (0.0.7.1) from /Users/cschwartz/.rbenv/versions/2.0.0-p353/lib/ruby/gems/2.0.0/specifications/unf_ext-0.0.7.1.gemspec
I, [2015-09-17T13:59:02.841965 #2951]  INFO -- : 0:  unf (0.1.4) from /Users/cschwartz/.rbenv/versions/2.0.0-p353/lib/ruby/gems/2.0.0/specifications/unf-0.1.4.gemspec
I, [2015-09-17T13:59:02.842172 #2951]  INFO -- : 0:  domain_name (0.5.24) from /Users/cschwartz/.rbenv/versions/2.0.0-p353/lib/ruby/gems/2.0.0/specifications/domain_name-0.5.24.gemspec
I, [2015-09-17T13:59:02.842374 #2951]  INFO -- : 0:  equalizer (0.0.10) from /Users/cschwartz/.rbenv/versions/2.0.0-p353/lib/ruby/gems/2.0.0/specifications/equalizer-0.0.10.gemspec
I, [2015-09-17T13:59:02.842594 #2951]  INFO -- : 0:  multipart-post (2.0.0) from /Users/cschwartz/.rbenv/versions/2.0.0-p353/lib/ruby/gems/2.0.0/specifications/multipart-post-2.0.0.gemspec
I, [2015-09-17T13:59:02.842866 #2951]  INFO -- : 0:  faraday (0.9.1) from /Users/cschwartz/.rbenv/versions/2.0.0-p353/lib/ruby/gems/2.0.0/specifications/faraday-0.9.1.gemspec
I, [2015-09-17T13:59:02.843092 #2951]  INFO -- : 0:  http-cookie (1.0.2) from /Users/cschwartz/.rbenv/versions/2.0.0-p353/lib/ruby/gems/2.0.0/specifications/http-cookie-1.0.2.gemspec
I, [2015-09-17T13:59:02.843313 #2951]  INFO -- : 0:  http-form_data (1.0.1) from /Users/cschwartz/.rbenv/versions/2.0.0-p353/lib/ruby/gems/2.0.0/specifications/http-form_data-1.0.1.gemspec
I, [2015-09-17T13:59:02.843525 #2951]  INFO -- : 0:  http_parser.rb (0.6.0) from /Users/cschwartz/.rbenv/versions/2.0.0-p353/lib/ruby/gems/2.0.0/specifications/http_parser.rb-0.6.0.gemspec
I, [2015-09-17T13:59:02.843727 #2951]  INFO -- : 0:  http (0.9.6) from /Users/cschwartz/.rbenv/versions/2.0.0-p353/lib/ruby/gems/2.0.0/specifications/http-0.9.6.gemspec
I, [2015-09-17T13:59:02.843935 #2951]  INFO -- : 0:  icalendar (2.3.0) from /Users/cschwartz/.rbenv/versions/2.0.0-p353/lib/ruby/gems/2.0.0/specifications/icalendar-2.3.0.gemspec
I, [2015-09-17T13:59:02.844175 #2951]  INFO -- : 0:  ice_cube (0.13.0) from /Users/cschwartz/.rbenv/versions/2.0.0-p353/lib/ruby/gems/2.0.0/specifications/ice_cube-0.13.0.gemspec
I, [2015-09-17T13:59:02.844438 #2951]  INFO -- : 0:  icalendar-recurrence (1.1.0) from /Users/cschwartz/.rbenv/versions/2.0.0-p353/lib/ruby/gems/2.0.0/specifications/icalendar-recurrence-1.1.0.gemspec
I, [2015-09-17T13:59:02.844733 #2951]  INFO -- : 0:  json (1.8.3) from /Users/cschwartz/.rbenv/versions/2.0.0-p353/lib/ruby/gems/2.0.0/specifications/json-1.8.3.gemspec
I, [2015-09-17T13:59:02.845073 #2951]  INFO -- : 0:  mime-types (2.5) from /Users/cschwartz/.rbenv/versions/2.0.0-p353/lib/ruby/gems/2.0.0/specifications/mime-types-2.5.gemspec
I, [2015-09-17T13:59:02.845356 #2951]  INFO -- : 0:  net-http-digest_auth (1.4) from /Users/cschwartz/.rbenv/versions/2.0.0-p353/lib/ruby/gems/2.0.0/specifications/net-http-digest_auth-1.4.gemspec
I, [2015-09-17T13:59:02.845923 #2951]  INFO -- : 0:  net-http-persistent (2.9.4) from /Users/cschwartz/.rbenv/versions/2.0.0-p353/lib/ruby/gems/2.0.0/specifications/net-http-persistent-2.9.4.gemspec
I, [2015-09-17T13:59:02.846180 #2951]  INFO -- : 0:  mini_portile (0.6.2) from /Users/cschwartz/.rbenv/versions/2.0.0-p353/lib/ruby/gems/2.0.0/specifications/mini_portile-0.6.2.gemspec
I, [2015-09-17T13:59:02.846437 #2951]  INFO -- : 0:  nokogiri (1.6.6.2) from /Users/cschwartz/.rbenv/versions/2.0.0-p353/lib/ruby/gems/2.0.0/specifications/nokogiri-1.6.6.2.gemspec
I, [2015-09-17T13:59:02.846667 #2951]  INFO -- : 0:  ntlm-http (0.1.1) from /Users/cschwartz/.rbenv/versions/2.0.0-p353/lib/ruby/gems/2.0.0/specifications/ntlm-http-0.1.1.gemspec
I, [2015-09-17T13:59:02.846922 #2951]  INFO -- : 0:  webrobots (0.1.1) from /Users/cschwartz/.rbenv/versions/2.0.0-p353/lib/ruby/gems/2.0.0/specifications/webrobots-0.1.1.gemspec
I, [2015-09-17T13:59:02.847147 #2951]  INFO -- : 0:  mechanize (2.7.3) from /Users/cschwartz/.rbenv/versions/2.0.0-p353/lib/ruby/gems/2.0.0/specifications/mechanize-2.7.3.gemspec
I, [2015-09-17T13:59:02.847368 #2951]  INFO -- : 0:  memoizable (0.4.2) from /Users/cschwartz/.rbenv/versions/2.0.0-p353/lib/ruby/gems/2.0.0/specifications/memoizable-0.4.2.gemspec
I, [2015-09-17T13:59:02.847591 #2951]  INFO -- : 0:  naught (1.1.0) from /Users/cschwartz/.rbenv/versions/2.0.0-p353/lib/ruby/gems/2.0.0/specifications/naught-1.1.0.gemspec
I, [2015-09-17T13:59:02.847820 #2951]  INFO -- : 0:  simple_oauth (0.3.1) from /Users/cschwartz/.rbenv/versions/2.0.0-p353/lib/ruby/gems/2.0.0/specifications/simple_oauth-0.3.1.gemspec
I, [2015-09-17T13:59:02.848040 #2951]  INFO -- : 0:  twitter (5.15.0) from /Users/cschwartz/.rbenv/versions/2.0.0-p353/lib/ruby/gems/2.0.0/specifications/twitter-5.15.0.gemspec
I, [2015-09-17T13:59:02.848236 #2951]  INFO -- : 0:  bundler (1.5.1) from /Users/cschwartz/.rbenv/versions/2.0.0-p353/lib/ruby/gems/2.0.0/specifications/bundler-1.5.1.gemspec
I, [2015-09-17T15:23:40.497289 #7909]  INFO -- : 0:  addressable (2.3.8) from /Users/cschwartz/.rbenv/versions/2.0.0-p353/lib/ruby/gems/2.0.0/specifications/addressable-2.3.8.gemspec
I, [2015-09-17T15:23:40.499245 #7909]  INFO -- : 0:  backports (3.6.6) from /Users/cschwartz/.rbenv/versions/2.0.0-p353/lib/ruby/gems/2.0.0/specifications/backports-3.6.6.gemspec
I, [2015-09-17T15:23:40.499571 #7909]  INFO -- : 0:  buftok (0.2.0) from /Users/cschwartz/.rbenv/versions/2.0.0-p353/lib/ruby/gems/2.0.0/specifications/buftok-0.2.0.gemspec
I, [2015-09-17T15:23:40.499817 #7909]  INFO -- : 0:  coderay (1.1.0) from /Users/cschwartz/.rbenv/versions/2.0.0-p353/lib/ruby/gems/2.0.0/specifications/coderay-1.1.0.gemspec
I, [2015-09-17T15:23:40.500078 #7909]  INFO -- : 0:  coffee-script-source (1.9.1.1) from /Users/cschwartz/.rbenv/versions/2.0.0-p353/lib/ruby/gems/2.0.0/specifications/coffee-script-source-1.9.1.1.gemspec
I, [2015-09-17T15:23:40.500308 #7909]  INFO -- : 0:  execjs (2.0.2) from /Users/cschwartz/.rbenv/versions/2.0.0-p353/lib/ruby/gems/2.0.0/specifications/execjs-2.0.2.gemspec
I, [2015-09-17T15:23:40.500545 #7909]  INFO -- : 0:  coffee-script (2.2.0) from /Users/cschwartz/.rbenv/versions/2.0.0-p353/lib/ruby/gems/2.0.0/specifications/coffee-script-2.2.0.gemspec
I, [2015-09-17T15:23:40.500771 #7909]  INFO -- : 0:  daemons (1.2.3) from /Users/cschwartz/.rbenv/versions/2.0.0-p353/lib/ruby/gems/2.0.0/specifications/daemons-1.2.3.gemspec
I, [2015-09-17T15:23:40.501003 #7909]  INFO -- : 0:  rack (1.5.5) from /Users/cschwartz/.rbenv/versions/2.0.0-p353/lib/ruby/gems/2.0.0/specifications/rack-1.5.5.gemspec
I, [2015-09-17T15:23:40.501239 #7909]  INFO -- : 0:  thread_safe (0.3.5) from /Users/cschwartz/.rbenv/versions/2.0.0-p353/lib/ruby/gems/2.0.0/specifications/thread_safe-0.3.5.gemspec
I, [2015-09-17T15:23:40.501466 #7909]  INFO -- : 0:  tzinfo (1.2.2) from /Users/cschwartz/.rbenv/versions/2.0.0-p353/lib/ruby/gems/2.0.0/specifications/tzinfo-1.2.2.gemspec
I, [2015-09-17T15:23:40.501693 #7909]  INFO -- : 0:  rufus-scheduler (2.0.24) from /Users/cschwartz/.rbenv/versions/2.0.0-p353/lib/ruby/gems/2.0.0/specifications/rufus-scheduler-2.0.24.gemspec
I, [2015-09-17T15:23:40.501926 #7909]  INFO -- : 0:  sass (3.2.19) from /Users/cschwartz/.rbenv/versions/2.0.0-p353/lib/ruby/gems/2.0.0/specifications/sass-3.2.19.gemspec
I, [2015-09-17T15:23:40.502147 #7909]  INFO -- : 0:  rack-protection (1.5.3) from /Users/cschwartz/.rbenv/versions/2.0.0-p353/lib/ruby/gems/2.0.0/specifications/rack-protection-1.5.3.gemspec
I, [2015-09-17T15:23:40.502371 #7909]  INFO -- : 0:  tilt (1.4.1) from /Users/cschwartz/.rbenv/versions/2.0.0-p353/lib/ruby/gems/2.0.0/specifications/tilt-1.4.1.gemspec
I, [2015-09-17T15:23:40.502600 #7909]  INFO -- : 0:  sinatra (1.4.6) from /Users/cschwartz/.rbenv/versions/2.0.0-p353/lib/ruby/gems/2.0.0/specifications/sinatra-1.4.6.gemspec
I, [2015-09-17T15:23:40.502857 #7909]  INFO -- : 0:  multi_json (1.11.2) from /Users/cschwartz/.rbenv/versions/2.0.0-p353/lib/ruby/gems/2.0.0/specifications/multi_json-1.11.2.gemspec
I, [2015-09-17T15:23:40.503079 #7909]  INFO -- : 0:  rack-test (0.6.3) from /Users/cschwartz/.rbenv/versions/2.0.0-p353/lib/ruby/gems/2.0.0/specifications/rack-test-0.6.3.gemspec
I, [2015-09-17T15:23:40.503300 #7909]  INFO -- : 0:  sinatra-contrib (1.4.6) from /Users/cschwartz/.rbenv/versions/2.0.0-p353/lib/ruby/gems/2.0.0/specifications/sinatra-contrib-1.4.6.gemspec
I, [2015-09-17T15:23:40.503527 #7909]  INFO -- : 0:  hike (1.2.3) from /Users/cschwartz/.rbenv/versions/2.0.0-p353/lib/ruby/gems/2.0.0/specifications/hike-1.2.3.gemspec
I, [2015-09-17T15:23:40.503749 #7909]  INFO -- : 0:  sprockets (2.10.1) from /Users/cschwartz/.rbenv/versions/2.0.0-p353/lib/ruby/gems/2.0.0/specifications/sprockets-2.10.1.gemspec
I, [2015-09-17T15:23:40.503973 #7909]  INFO -- : 0:  eventmachine (1.0.8) from /Users/cschwartz/.rbenv/versions/2.0.0-p353/lib/ruby/gems/2.0.0/specifications/eventmachine-1.0.8.gemspec
I, [2015-09-17T15:23:40.504188 #7909]  INFO -- : 0:  thin (1.6.3) from /Users/cschwartz/.rbenv/versions/2.0.0-p353/lib/ruby/gems/2.0.0/specifications/thin-1.6.3.gemspec
I, [2015-09-17T15:23:40.504403 #7909]  INFO -- : 0:  thor (0.18.1) from /Users/cschwartz/.rbenv/versions/2.0.0-p353/lib/ruby/gems/2.0.0/specifications/thor-0.18.1.gemspec
I, [2015-09-17T15:23:40.504615 #7909]  INFO -- : 0:  dashing (1.3.4) from /Users/cschwartz/.rbenv/versions/2.0.0-p353/lib/ruby/gems/2.0.0/specifications/dashing-1.3.4.gemspec
I, [2015-09-17T15:23:40.504829 #7909]  INFO -- : 0:  unf_ext (0.0.7.1) from /Users/cschwartz/.rbenv/versions/2.0.0-p353/lib/ruby/gems/2.0.0/specifications/unf_ext-0.0.7.1.gemspec
I, [2015-09-17T15:23:40.505071 #7909]  INFO -- : 0:  unf (0.1.4) from /Users/cschwartz/.rbenv/versions/2.0.0-p353/lib/ruby/gems/2.0.0/specifications/unf-0.1.4.gemspec
I, [2015-09-17T15:23:40.505296 #7909]  INFO -- : 0:  domain_name (0.5.24) from /Users/cschwartz/.rbenv/versions/2.0.0-p353/lib/ruby/gems/2.0.0/specifications/domain_name-0.5.24.gemspec
I, [2015-09-17T15:23:40.505532 #7909]  INFO -- : 0:  equalizer (0.0.10) from /Users/cschwartz/.rbenv/versions/2.0.0-p353/lib/ruby/gems/2.0.0/specifications/equalizer-0.0.10.gemspec
I, [2015-09-17T15:23:40.505745 #7909]  INFO -- : 0:  multipart-post (2.0.0) from /Users/cschwartz/.rbenv/versions/2.0.0-p353/lib/ruby/gems/2.0.0/specifications/multipart-post-2.0.0.gemspec
I, [2015-09-17T15:23:40.505965 #7909]  INFO -- : 0:  faraday (0.9.1) from /Users/cschwartz/.rbenv/versions/2.0.0-p353/lib/ruby/gems/2.0.0/specifications/faraday-0.9.1.gemspec
I, [2015-09-17T15:23:40.506181 #7909]  INFO -- : 0:  http-cookie (1.0.2) from /Users/cschwartz/.rbenv/versions/2.0.0-p353/lib/ruby/gems/2.0.0/specifications/http-cookie-1.0.2.gemspec
I, [2015-09-17T15:23:40.506395 #7909]  INFO -- : 0:  http-form_data (1.0.1) from /Users/cschwartz/.rbenv/versions/2.0.0-p353/lib/ruby/gems/2.0.0/specifications/http-form_data-1.0.1.gemspec
I, [2015-09-17T15:23:40.506685 #7909]  INFO -- : 0:  http_parser.rb (0.6.0) from /Users/cschwartz/.rbenv/versions/2.0.0-p353/lib/ruby/gems/2.0.0/specifications/http_parser.rb-0.6.0.gemspec
I, [2015-09-17T15:23:40.506907 #7909]  INFO -- : 0:  http (0.9.6) from /Users/cschwartz/.rbenv/versions/2.0.0-p353/lib/ruby/gems/2.0.0/specifications/http-0.9.6.gemspec
I, [2015-09-17T15:23:40.507126 #7909]  INFO -- : 0:  icalendar (2.3.0) from /Users/cschwartz/.rbenv/versions/2.0.0-p353/lib/ruby/gems/2.0.0/specifications/icalendar-2.3.0.gemspec
I, [2015-09-17T15:23:40.507358 #7909]  INFO -- : 0:  ice_cube (0.13.0) from /Users/cschwartz/.rbenv/versions/2.0.0-p353/lib/ruby/gems/2.0.0/specifications/ice_cube-0.13.0.gemspec
I, [2015-09-17T15:23:40.507574 #7909]  INFO -- : 0:  icalendar-recurrence (1.1.0) from /Users/cschwartz/.rbenv/versions/2.0.0-p353/lib/ruby/gems/2.0.0/specifications/icalendar-recurrence-1.1.0.gemspec
I, [2015-09-17T15:23:40.507802 #7909]  INFO -- : 0:  json (1.8.3) from /Users/cschwartz/.rbenv/versions/2.0.0-p353/lib/ruby/gems/2.0.0/specifications/json-1.8.3.gemspec
I, [2015-09-17T15:23:40.508056 #7909]  INFO -- : 0:  mime-types (2.5) from /Users/cschwartz/.rbenv/versions/2.0.0-p353/lib/ruby/gems/2.0.0/specifications/mime-types-2.5.gemspec
I, [2015-09-17T15:23:40.508278 #7909]  INFO -- : 0:  net-http-digest_auth (1.4) from /Users/cschwartz/.rbenv/versions/2.0.0-p353/lib/ruby/gems/2.0.0/specifications/net-http-digest_auth-1.4.gemspec
I, [2015-09-17T15:23:40.508515 #7909]  INFO -- : 0:  net-http-persistent (2.9.4) from /Users/cschwartz/.rbenv/versions/2.0.0-p353/lib/ruby/gems/2.0.0/specifications/net-http-persistent-2.9.4.gemspec
I, [2015-09-17T15:23:40.508748 #7909]  INFO -- : 0:  mini_portile (0.6.2) from /Users/cschwartz/.rbenv/versions/2.0.0-p353/lib/ruby/gems/2.0.0/specifications/mini_portile-0.6.2.gemspec
I, [2015-09-17T15:23:40.508973 #7909]  INFO -- : 0:  nokogiri (1.6.6.2) from /Users/cschwartz/.rbenv/versions/2.0.0-p353/lib/ruby/gems/2.0.0/specifications/nokogiri-1.6.6.2.gemspec
I, [2015-09-17T15:23:40.509320 #7909]  INFO -- : 0:  ntlm-http (0.1.1) from /Users/cschwartz/.rbenv/versions/2.0.0-p353/lib/ruby/gems/2.0.0/specifications/ntlm-http-0.1.1.gemspec
I, [2015-09-17T15:23:40.509632 #7909]  INFO -- : 0:  webrobots (0.1.1) from /Users/cschwartz/.rbenv/versions/2.0.0-p353/lib/ruby/gems/2.0.0/specifications/webrobots-0.1.1.gemspec
I, [2015-09-17T15:23:40.509933 #7909]  INFO -- : 0:  mechanize (2.7.3) from /Users/cschwartz/.rbenv/versions/2.0.0-p353/lib/ruby/gems/2.0.0/specifications/mechanize-2.7.3.gemspec
I, [2015-09-17T15:23:40.510227 #7909]  INFO -- : 0:  memoizable (0.4.2) from /Users/cschwartz/.rbenv/versions/2.0.0-p353/lib/ruby/gems/2.0.0/specifications/memoizable-0.4.2.gemspec
I, [2015-09-17T15:23:40.510520 #7909]  INFO -- : 0:  method_source (0.8.2) from /Users/cschwartz/.rbenv/versions/2.0.0-p353/lib/ruby/gems/2.0.0/specifications/method_source-0.8.2.gemspec
I, [2015-09-17T15:23:40.510813 #7909]  INFO -- : 0:  naught (1.1.0) from /Users/cschwartz/.rbenv/versions/2.0.0-p353/lib/ruby/gems/2.0.0/specifications/naught-1.1.0.gemspec
I, [2015-09-17T15:23:40.511111 #7909]  INFO -- : 0:  slop (3.6.0) from /Users/cschwartz/.rbenv/versions/2.0.0-p353/lib/ruby/gems/2.0.0/specifications/slop-3.6.0.gemspec
I, [2015-09-17T15:23:40.511405 #7909]  INFO -- : 0:  pry (0.10.1) from /Users/cschwartz/.rbenv/versions/2.0.0-p353/lib/ruby/gems/2.0.0/specifications/pry-0.10.1.gemspec
I, [2015-09-17T15:23:40.525516 #7909]  INFO -- : 0:  simple_oauth (0.3.1) from /Users/cschwartz/.rbenv/versions/2.0.0-p353/lib/ruby/gems/2.0.0/specifications/simple_oauth-0.3.1.gemspec
I, [2015-09-17T15:23:40.525967 #7909]  INFO -- : 0:  twitter (5.15.0) from /Users/cschwartz/.rbenv/versions/2.0.0-p353/lib/ruby/gems/2.0.0/specifications/twitter-5.15.0.gemspec
I, [2015-09-17T15:23:45.994344 #7909]  INFO -- : 0:  yomu (0.1.5) from /Users/cschwartz/.rbenv/versions/2.0.0-p353/lib/ruby/gems/2.0.0/specifications/yomu-0.1.5.gemspec
I, [2015-09-17T15:23:45.994953 #7909]  INFO -- : 0:  bundler (1.5.1) from /Users/cschwartz/.rbenv/versions/2.0.0-p353/lib/ruby/gems/2.0.0/specifications/bundler-1.5.1.gemspec
I, [2015-09-21T11:26:32.149947 #35819]  INFO -- : 0:  i18n (0.7.0) from /Users/cschwartz/.rbenv/versions/2.0.0-p353/lib/ruby/gems/2.0.0/specifications/i18n-0.7.0.gemspec
I, [2015-09-21T11:26:32.150795 #35819]  INFO -- : 0:  json (1.8.3) from /Users/cschwartz/.rbenv/versions/2.0.0-p353/lib/ruby/gems/2.0.0/specifications/json-1.8.3.gemspec
I, [2015-09-21T11:26:33.220237 #35819]  INFO -- : 0:  minitest (5.8.0) from /Users/cschwartz/.rbenv/versions/2.0.0-p353/lib/ruby/gems/2.0.0/specifications/minitest-5.8.0.gemspec
I, [2015-09-21T11:26:33.220689 #35819]  INFO -- : 0:  thread_safe (0.3.5) from /Users/cschwartz/.rbenv/versions/2.0.0-p353/lib/ruby/gems/2.0.0/specifications/thread_safe-0.3.5.gemspec
I, [2015-09-21T11:26:33.220936 #35819]  INFO -- : 0:  tzinfo (1.2.2) from /Users/cschwartz/.rbenv/versions/2.0.0-p353/lib/ruby/gems/2.0.0/specifications/tzinfo-1.2.2.gemspec
I, [2015-09-21T11:26:34.567667 #35819]  INFO -- : 0:  activesupport (4.2.4) from /Users/cschwartz/.rbenv/versions/2.0.0-p353/lib/ruby/gems/2.0.0/specifications/activesupport-4.2.4.gemspec
I, [2015-09-21T11:26:34.568183 #35819]  INFO -- : 0:  addressable (2.3.8) from /Users/cschwartz/.rbenv/versions/2.0.0-p353/lib/ruby/gems/2.0.0/specifications/addressable-2.3.8.gemspec
I, [2015-09-21T11:26:34.568440 #35819]  INFO -- : 0:  backports (3.6.6) from /Users/cschwartz/.rbenv/versions/2.0.0-p353/lib/ruby/gems/2.0.0/specifications/backports-3.6.6.gemspec
I, [2015-09-21T11:26:34.568688 #35819]  INFO -- : 0:  buftok (0.2.0) from /Users/cschwartz/.rbenv/versions/2.0.0-p353/lib/ruby/gems/2.0.0/specifications/buftok-0.2.0.gemspec
I, [2015-09-21T11:26:34.568908 #35819]  INFO -- : 0:  bundler (1.5.1) from /Users/cschwartz/.rbenv/versions/2.0.0-p353/lib/ruby/gems/2.0.0/specifications/bundler-1.5.1.gemspec
I, [2015-09-21T11:26:35.507484 #35819]  INFO -- : 0:  dotenv-deployment (0.0.2) from /Users/cschwartz/.rbenv/versions/2.0.0-p353/lib/ruby/gems/2.0.0/specifications/dotenv-deployment-0.0.2.gemspec
I, [2015-09-21T11:26:36.503001 #35819]  INFO -- : 0:  dotenv (0.11.1) from /Users/cschwartz/.rbenv/versions/2.0.0-p353/lib/ruby/gems/2.0.0/specifications/dotenv-0.11.1.gemspec
I, [2015-09-21T11:26:37.436197 #35819]  INFO -- : 0:  nenv (0.2.0) from /Users/cschwartz/.rbenv/versions/2.0.0-p353/lib/ruby/gems/2.0.0/specifications/nenv-0.2.0.gemspec
I, [2015-09-21T11:26:38.648452 #35819]  INFO -- : 0:  rspec-logsplit (0.1.3) from /Users/cschwartz/.rbenv/versions/2.0.0-p353/lib/ruby/gems/2.0.0/specifications/rspec-logsplit-0.1.3.gemspec
I, [2015-09-21T11:26:40.603645 #35819]  INFO -- : 0:  hitimes (1.2.3) from /Users/cschwartz/.rbenv/versions/2.0.0-p353/lib/ruby/gems/2.0.0/specifications/hitimes-1.2.3.gemspec
I, [2015-09-21T11:26:41.633665 #35819]  INFO -- : 0:  timers (4.1.1) from /Users/cschwartz/.rbenv/versions/2.0.0-p353/lib/ruby/gems/2.0.0/specifications/timers-4.1.1.gemspec
I, [2015-09-21T11:26:42.689470 #35819]  INFO -- : 0:  celluloid-essentials (0.20.2.1) from /Users/cschwartz/.rbenv/versions/2.0.0-p353/lib/ruby/gems/2.0.0/specifications/celluloid-essentials-0.20.2.1.gemspec
I, [2015-09-21T11:26:43.635847 #35819]  INFO -- : 0:  celluloid-extras (0.20.1) from /Users/cschwartz/.rbenv/versions/2.0.0-p353/lib/ruby/gems/2.0.0/specifications/celluloid-extras-0.20.1.gemspec
I, [2015-09-21T11:26:44.633774 #35819]  INFO -- : 0:  celluloid-fsm (0.20.1) from /Users/cschwartz/.rbenv/versions/2.0.0-p353/lib/ruby/gems/2.0.0/specifications/celluloid-fsm-0.20.1.gemspec
I, [2015-09-21T11:26:45.570800 #35819]  INFO -- : 0:  celluloid-pool (0.20.1) from /Users/cschwartz/.rbenv/versions/2.0.0-p353/lib/ruby/gems/2.0.0/specifications/celluloid-pool-0.20.1.gemspec
I, [2015-09-21T11:26:46.528387 #35819]  INFO -- : 0:  celluloid-supervision (0.20.1.1) from /Users/cschwartz/.rbenv/versions/2.0.0-p353/lib/ruby/gems/2.0.0/specifications/celluloid-supervision-0.20.1.1.gemspec
I, [2015-09-21T11:26:47.692392 #35819]  INFO -- : 0:  celluloid (0.17.1.2) from /Users/cschwartz/.rbenv/versions/2.0.0-p353/lib/ruby/gems/2.0.0/specifications/celluloid-0.17.1.2.gemspec
I, [2015-09-21T11:26:47.692813 #35819]  INFO -- : 0:  coderay (1.1.0) from /Users/cschwartz/.rbenv/versions/2.0.0-p353/lib/ruby/gems/2.0.0/specifications/coderay-1.1.0.gemspec
I, [2015-09-21T11:26:47.693083 #35819]  INFO -- : 0:  coffee-script-source (1.9.1.1) from /Users/cschwartz/.rbenv/versions/2.0.0-p353/lib/ruby/gems/2.0.0/specifications/coffee-script-source-1.9.1.1.gemspec
I, [2015-09-21T11:26:47.693331 #35819]  INFO -- : 0:  execjs (2.0.2) from /Users/cschwartz/.rbenv/versions/2.0.0-p353/lib/ruby/gems/2.0.0/specifications/execjs-2.0.2.gemspec
I, [2015-09-21T11:26:47.693567 #35819]  INFO -- : 0:  coffee-script (2.2.0) from /Users/cschwartz/.rbenv/versions/2.0.0-p353/lib/ruby/gems/2.0.0/specifications/coffee-script-2.2.0.gemspec
I, [2015-09-21T11:26:48.650814 #35819]  INFO -- : 0:  connection_pool (2.2.0) from /Users/cschwartz/.rbenv/versions/2.0.0-p353/lib/ruby/gems/2.0.0/specifications/connection_pool-2.2.0.gemspec
I, [2015-09-21T11:26:48.651142 #35819]  INFO -- : 0:  daemons (1.2.3) from /Users/cschwartz/.rbenv/versions/2.0.0-p353/lib/ruby/gems/2.0.0/specifications/daemons-1.2.3.gemspec
I, [2015-09-21T11:26:48.651394 #35819]  INFO -- : 0:  rack (1.5.5) from /Users/cschwartz/.rbenv/versions/2.0.0-p353/lib/ruby/gems/2.0.0/specifications/rack-1.5.5.gemspec
I, [2015-09-21T11:26:48.651625 #35819]  INFO -- : 0:  rufus-scheduler (2.0.24) from /Users/cschwartz/.rbenv/versions/2.0.0-p353/lib/ruby/gems/2.0.0/specifications/rufus-scheduler-2.0.24.gemspec
I, [2015-09-21T11:26:48.651861 #35819]  INFO -- : 0:  sass (3.2.19) from /Users/cschwartz/.rbenv/versions/2.0.0-p353/lib/ruby/gems/2.0.0/specifications/sass-3.2.19.gemspec
I, [2015-09-21T11:26:48.652085 #35819]  INFO -- : 0:  rack-protection (1.5.3) from /Users/cschwartz/.rbenv/versions/2.0.0-p353/lib/ruby/gems/2.0.0/specifications/rack-protection-1.5.3.gemspec
I, [2015-09-21T11:26:48.652309 #35819]  INFO -- : 0:  tilt (1.4.1) from /Users/cschwartz/.rbenv/versions/2.0.0-p353/lib/ruby/gems/2.0.0/specifications/tilt-1.4.1.gemspec
I, [2015-09-21T11:26:48.652544 #35819]  INFO -- : 0:  sinatra (1.4.6) from /Users/cschwartz/.rbenv/versions/2.0.0-p353/lib/ruby/gems/2.0.0/specifications/sinatra-1.4.6.gemspec
I, [2015-09-21T11:26:48.652774 #35819]  INFO -- : 0:  multi_json (1.11.2) from /Users/cschwartz/.rbenv/versions/2.0.0-p353/lib/ruby/gems/2.0.0/specifications/multi_json-1.11.2.gemspec
I, [2015-09-21T11:26:48.652996 #35819]  INFO -- : 0:  rack-test (0.6.3) from /Users/cschwartz/.rbenv/versions/2.0.0-p353/lib/ruby/gems/2.0.0/specifications/rack-test-0.6.3.gemspec
I, [2015-09-21T11:26:48.653217 #35819]  INFO -- : 0:  sinatra-contrib (1.4.6) from /Users/cschwartz/.rbenv/versions/2.0.0-p353/lib/ruby/gems/2.0.0/specifications/sinatra-contrib-1.4.6.gemspec
I, [2015-09-21T11:26:48.653434 #35819]  INFO -- : 0:  hike (1.2.3) from /Users/cschwartz/.rbenv/versions/2.0.0-p353/lib/ruby/gems/2.0.0/specifications/hike-1.2.3.gemspec
I, [2015-09-21T11:26:48.653661 #35819]  INFO -- : 0:  sprockets (2.10.1) from /Users/cschwartz/.rbenv/versions/2.0.0-p353/lib/ruby/gems/2.0.0/specifications/sprockets-2.10.1.gemspec
I, [2015-09-21T11:26:48.653890 #35819]  INFO -- : 0:  eventmachine (1.0.8) from /Users/cschwartz/.rbenv/versions/2.0.0-p353/lib/ruby/gems/2.0.0/specifications/eventmachine-1.0.8.gemspec
I, [2015-09-21T11:26:48.654176 #35819]  INFO -- : 0:  thin (1.6.3) from /Users/cschwartz/.rbenv/versions/2.0.0-p353/lib/ruby/gems/2.0.0/specifications/thin-1.6.3.gemspec
I, [2015-09-21T11:26:48.654451 #35819]  INFO -- : 0:  thor (0.18.1) from /Users/cschwartz/.rbenv/versions/2.0.0-p353/lib/ruby/gems/2.0.0/specifications/thor-0.18.1.gemspec
I, [2015-09-21T11:26:48.654678 #35819]  INFO -- : 0:  dashing (1.3.4) from /Users/cschwartz/.rbenv/versions/2.0.0-p353/lib/ruby/gems/2.0.0/specifications/dashing-1.3.4.gemspec
I, [2015-09-21T11:26:49.689547 #35819]  INFO -- : 0:  hashie (1.2.0) from /Users/cschwartz/.rbenv/versions/2.0.0-p353/lib/ruby/gems/2.0.0/specifications/hashie-1.2.0.gemspec
I, [2015-09-21T11:26:49.690217 #35819]  INFO -- : 0:  multi_xml (0.5.5) from /Users/cschwartz/.rbenv/versions/2.0.0-p353/lib/ruby/gems/2.0.0/specifications/multi_xml-0.5.5.gemspec
I, [2015-09-21T11:26:50.733981 #35819]  INFO -- : 0:  httparty (0.13.6) from /Users/cschwartz/.rbenv/versions/2.0.0-p353/lib/ruby/gems/2.0.0/specifications/httparty-0.13.6.gemspec
I, [2015-09-21T11:26:50.734628 #35819]  INFO -- : 0:  mini_portile (0.6.2) from /Users/cschwartz/.rbenv/versions/2.0.0-p353/lib/ruby/gems/2.0.0/specifications/mini_portile-0.6.2.gemspec
I, [2015-09-21T11:26:50.735017 #35819]  INFO -- : 0:  nokogiri (1.6.6.2) from /Users/cschwartz/.rbenv/versions/2.0.0-p353/lib/ruby/gems/2.0.0/specifications/nokogiri-1.6.6.2.gemspec
I, [2015-09-21T11:26:50.735391 #35819]  INFO -- : 0:  unf_ext (0.0.7.1) from /Users/cschwartz/.rbenv/versions/2.0.0-p353/lib/ruby/gems/2.0.0/specifications/unf_ext-0.0.7.1.gemspec
I, [2015-09-21T11:26:50.735645 #35819]  INFO -- : 0:  unf (0.1.4) from /Users/cschwartz/.rbenv/versions/2.0.0-p353/lib/ruby/gems/2.0.0/specifications/unf-0.1.4.gemspec
I, [2015-09-21T11:26:50.735897 #35819]  INFO -- : 0:  domain_name (0.5.24) from /Users/cschwartz/.rbenv/versions/2.0.0-p353/lib/ruby/gems/2.0.0/specifications/domain_name-0.5.24.gemspec
I, [2015-09-21T11:26:50.736157 #35819]  INFO -- : 0:  http-cookie (1.0.2) from /Users/cschwartz/.rbenv/versions/2.0.0-p353/lib/ruby/gems/2.0.0/specifications/http-cookie-1.0.2.gemspec
I, [2015-09-21T11:26:50.736405 #35819]  INFO -- : 0:  mime-types (2.5) from /Users/cschwartz/.rbenv/versions/2.0.0-p353/lib/ruby/gems/2.0.0/specifications/mime-types-2.5.gemspec
I, [2015-09-21T11:26:51.672945 #35819]  INFO -- : 0:  netrc (0.10.3) from /Users/cschwartz/.rbenv/versions/2.0.0-p353/lib/ruby/gems/2.0.0/specifications/netrc-0.10.3.gemspec
I, [2015-09-21T11:26:52.720870 #35819]  INFO -- : 0:  rest-client (1.8.0) from /Users/cschwartz/.rbenv/versions/2.0.0-p353/lib/ruby/gems/2.0.0/specifications/rest-client-1.8.0.gemspec
I, [2015-09-21T11:26:53.655315 #35819]  INFO -- : 0:  terminal-table (1.5.2) from /Users/cschwartz/.rbenv/versions/2.0.0-p353/lib/ruby/gems/2.0.0/specifications/terminal-table-1.5.2.gemspec
I, [2015-09-21T11:26:54.610016 #35819]  INFO -- : 0:  nagiosharder (0.5.0) from /Users/cschwartz/.rbenv/versions/2.0.0-p353/lib/ruby/gems/2.0.0/specifications/nagiosharder-0.5.0.gemspec
I, [2015-09-21T11:26:55.663271 #35819]  INFO -- : 0:  redis (3.2.1) from /Users/cschwartz/.rbenv/versions/2.0.0-p353/lib/ruby/gems/2.0.0/specifications/redis-3.2.1.gemspec
I, [2015-09-21T11:26:56.653345 #35819]  INFO -- : 0:  redis-namespace (1.5.2) from /Users/cschwartz/.rbenv/versions/2.0.0-p353/lib/ruby/gems/2.0.0/specifications/redis-namespace-1.5.2.gemspec
I, [2015-09-21T11:26:57.830769 #35819]  INFO -- : 0:  sidekiq (3.5.0) from /Users/cschwartz/.rbenv/versions/2.0.0-p353/lib/ruby/gems/2.0.0/specifications/sidekiq-3.5.0.gemspec
I, [2015-09-21T11:26:59.185394 #35819]  INFO -- : 0:  time_diff (0.3.0) from /Users/cschwartz/.rbenv/versions/2.0.0-p353/lib/ruby/gems/2.0.0/specifications/time_diff-0.3.0.gemspec
I, [2015-09-21T11:27:00.434273 #35819]  INFO -- : 0:  dashing-contrib (0.2.1) from /Users/cschwartz/.rbenv/versions/2.0.0-p353/lib/ruby/gems/2.0.0/specifications/dashing-contrib-0.2.1.gemspec
I, [2015-09-21T11:27:00.434668 #35819]  INFO -- : 0:  equalizer (0.0.10) from /Users/cschwartz/.rbenv/versions/2.0.0-p353/lib/ruby/gems/2.0.0/specifications/equalizer-0.0.10.gemspec
I, [2015-09-21T11:27:00.434914 #35819]  INFO -- : 0:  multipart-post (2.0.0) from /Users/cschwartz/.rbenv/versions/2.0.0-p353/lib/ruby/gems/2.0.0/specifications/multipart-post-2.0.0.gemspec
I, [2015-09-21T11:27:00.435162 #35819]  INFO -- : 0:  faraday (0.9.1) from /Users/cschwartz/.rbenv/versions/2.0.0-p353/lib/ruby/gems/2.0.0/specifications/faraday-0.9.1.gemspec
I, [2015-09-21T11:27:00.435390 #35819]  INFO -- : 0:  http-form_data (1.0.1) from /Users/cschwartz/.rbenv/versions/2.0.0-p353/lib/ruby/gems/2.0.0/specifications/http-form_data-1.0.1.gemspec
I, [2015-09-21T11:27:00.435702 #35819]  INFO -- : 0:  http_parser.rb (0.6.0) from /Users/cschwartz/.rbenv/versions/2.0.0-p353/lib/ruby/gems/2.0.0/specifications/http_parser.rb-0.6.0.gemspec
I, [2015-09-21T11:27:00.435942 #35819]  INFO -- : 0:  http (0.9.6) from /Users/cschwartz/.rbenv/versions/2.0.0-p353/lib/ruby/gems/2.0.0/specifications/http-0.9.6.gemspec
I, [2015-09-21T11:27:00.436180 #35819]  INFO -- : 0:  icalendar (2.3.0) from /Users/cschwartz/.rbenv/versions/2.0.0-p353/lib/ruby/gems/2.0.0/specifications/icalendar-2.3.0.gemspec
I, [2015-09-21T11:27:00.436407 #35819]  INFO -- : 0:  ice_cube (0.13.0) from /Users/cschwartz/.rbenv/versions/2.0.0-p353/lib/ruby/gems/2.0.0/specifications/ice_cube-0.13.0.gemspec
I, [2015-09-21T11:27:00.436634 #35819]  INFO -- : 0:  icalendar-recurrence (1.1.0) from /Users/cschwartz/.rbenv/versions/2.0.0-p353/lib/ruby/gems/2.0.0/specifications/icalendar-recurrence-1.1.0.gemspec
I, [2015-09-21T11:27:00.436860 #35819]  INFO -- : 0:  net-http-digest_auth (1.4) from /Users/cschwartz/.rbenv/versions/2.0.0-p353/lib/ruby/gems/2.0.0/specifications/net-http-digest_auth-1.4.gemspec
I, [2015-09-21T11:27:00.437093 #35819]  INFO -- : 0:  net-http-persistent (2.9.4) from /Users/cschwartz/.rbenv/versions/2.0.0-p353/lib/ruby/gems/2.0.0/specifications/net-http-persistent-2.9.4.gemspec
I, [2015-09-21T11:27:00.437335 #35819]  INFO -- : 0:  ntlm-http (0.1.1) from /Users/cschwartz/.rbenv/versions/2.0.0-p353/lib/ruby/gems/2.0.0/specifications/ntlm-http-0.1.1.gemspec
I, [2015-09-21T11:27:00.437555 #35819]  INFO -- : 0:  webrobots (0.1.1) from /Users/cschwartz/.rbenv/versions/2.0.0-p353/lib/ruby/gems/2.0.0/specifications/webrobots-0.1.1.gemspec
I, [2015-09-21T11:27:00.437771 #35819]  INFO -- : 0:  mechanize (2.7.3) from /Users/cschwartz/.rbenv/versions/2.0.0-p353/lib/ruby/gems/2.0.0/specifications/mechanize-2.7.3.gemspec
I, [2015-09-21T11:27:00.437998 #35819]  INFO -- : 0:  memoizable (0.4.2) from /Users/cschwartz/.rbenv/versions/2.0.0-p353/lib/ruby/gems/2.0.0/specifications/memoizable-0.4.2.gemspec
I, [2015-09-21T11:27:00.438219 #35819]  INFO -- : 0:  method_source (0.8.2) from /Users/cschwartz/.rbenv/versions/2.0.0-p353/lib/ruby/gems/2.0.0/specifications/method_source-0.8.2.gemspec
I, [2015-09-21T11:27:00.438440 #35819]  INFO -- : 0:  naught (1.1.0) from /Users/cschwartz/.rbenv/versions/2.0.0-p353/lib/ruby/gems/2.0.0/specifications/naught-1.1.0.gemspec
I, [2015-09-21T11:27:00.438663 #35819]  INFO -- : 0:  slop (3.6.0) from /Users/cschwartz/.rbenv/versions/2.0.0-p353/lib/ruby/gems/2.0.0/specifications/slop-3.6.0.gemspec
I, [2015-09-21T11:27:00.438888 #35819]  INFO -- : 0:  pry (0.10.1) from /Users/cschwartz/.rbenv/versions/2.0.0-p353/lib/ruby/gems/2.0.0/specifications/pry-0.10.1.gemspec
I, [2015-09-21T11:27:00.439119 #35819]  INFO -- : 0:  simple_oauth (0.3.1) from /Users/cschwartz/.rbenv/versions/2.0.0-p353/lib/ruby/gems/2.0.0/specifications/simple_oauth-0.3.1.gemspec
I, [2015-09-21T11:27:00.439336 #35819]  INFO -- : 0:  twitter (5.15.0) from /Users/cschwartz/.rbenv/versions/2.0.0-p353/lib/ruby/gems/2.0.0/specifications/twitter-5.15.0.gemspec
I, [2015-09-21T11:27:00.439562 #35819]  INFO -- : 0:  yomu (0.1.5) from /Users/cschwartz/.rbenv/versions/2.0.0-p353/lib/ruby/gems/2.0.0/specifications/yomu-0.1.5.gemspec
I, [2015-10-05T14:07:19.083284 #10778]  INFO -- : 0:  i18n (0.7.0) from /Users/cschwartz/.rbenv/versions/2.0.0-p353/lib/ruby/gems/2.0.0/specifications/i18n-0.7.0.gemspec
I, [2015-10-05T14:07:19.084104 #10778]  INFO -- : 0:  json (1.8.3) from /Users/cschwartz/.rbenv/versions/2.0.0-p353/lib/ruby/gems/2.0.0/specifications/json-1.8.3.gemspec
I, [2015-10-05T14:07:19.084426 #10778]  INFO -- : 0:  minitest (5.8.0) from /Users/cschwartz/.rbenv/versions/2.0.0-p353/lib/ruby/gems/2.0.0/specifications/minitest-5.8.0.gemspec
I, [2015-10-05T14:07:19.084702 #10778]  INFO -- : 0:  thread_safe (0.3.5) from /Users/cschwartz/.rbenv/versions/2.0.0-p353/lib/ruby/gems/2.0.0/specifications/thread_safe-0.3.5.gemspec
I, [2015-10-05T14:07:19.084979 #10778]  INFO -- : 0:  tzinfo (1.2.2) from /Users/cschwartz/.rbenv/versions/2.0.0-p353/lib/ruby/gems/2.0.0/specifications/tzinfo-1.2.2.gemspec
I, [2015-10-05T14:07:19.085396 #10778]  INFO -- : 0:  activesupport (4.2.4) from /Users/cschwartz/.rbenv/versions/2.0.0-p353/lib/ruby/gems/2.0.0/specifications/activesupport-4.2.4.gemspec
I, [2015-10-05T14:07:19.085700 #10778]  INFO -- : 0:  addressable (2.3.8) from /Users/cschwartz/.rbenv/versions/2.0.0-p353/lib/ruby/gems/2.0.0/specifications/addressable-2.3.8.gemspec
I, [2015-10-05T14:07:19.085933 #10778]  INFO -- : 0:  backports (3.6.6) from /Users/cschwartz/.rbenv/versions/2.0.0-p353/lib/ruby/gems/2.0.0/specifications/backports-3.6.6.gemspec
I, [2015-10-05T14:07:19.086252 #10778]  INFO -- : 0:  buftok (0.2.0) from /Users/cschwartz/.rbenv/versions/2.0.0-p353/lib/ruby/gems/2.0.0/specifications/buftok-0.2.0.gemspec
I, [2015-10-05T14:07:19.086642 #10778]  INFO -- : 0:  bundler (1.5.1) from /Users/cschwartz/.rbenv/versions/2.0.0-p353/lib/ruby/gems/2.0.0/specifications/bundler-1.5.1.gemspec
I, [2015-10-05T14:07:19.086973 #10778]  INFO -- : 0:  dotenv-deployment (0.0.2) from /Users/cschwartz/.rbenv/versions/2.0.0-p353/lib/ruby/gems/2.0.0/specifications/dotenv-deployment-0.0.2.gemspec
I, [2015-10-05T14:07:19.087206 #10778]  INFO -- : 0:  dotenv (0.11.1) from /Users/cschwartz/.rbenv/versions/2.0.0-p353/lib/ruby/gems/2.0.0/specifications/dotenv-0.11.1.gemspec
I, [2015-10-05T14:07:19.087734 #10778]  INFO -- : 0:  nenv (0.2.0) from /Users/cschwartz/.rbenv/versions/2.0.0-p353/lib/ruby/gems/2.0.0/specifications/nenv-0.2.0.gemspec
I, [2015-10-05T14:07:19.087994 #10778]  INFO -- : 0:  rspec-logsplit (0.1.3) from /Users/cschwartz/.rbenv/versions/2.0.0-p353/lib/ruby/gems/2.0.0/specifications/rspec-logsplit-0.1.3.gemspec
I, [2015-10-05T14:07:19.088234 #10778]  INFO -- : 0:  hitimes (1.2.3) from /Users/cschwartz/.rbenv/versions/2.0.0-p353/lib/ruby/gems/2.0.0/specifications/hitimes-1.2.3.gemspec
I, [2015-10-05T14:07:19.088482 #10778]  INFO -- : 0:  timers (4.1.1) from /Users/cschwartz/.rbenv/versions/2.0.0-p353/lib/ruby/gems/2.0.0/specifications/timers-4.1.1.gemspec
I, [2015-10-05T14:07:19.088756 #10778]  INFO -- : 0:  celluloid-essentials (0.20.2.1) from /Users/cschwartz/.rbenv/versions/2.0.0-p353/lib/ruby/gems/2.0.0/specifications/celluloid-essentials-0.20.2.1.gemspec
I, [2015-10-05T14:07:19.089019 #10778]  INFO -- : 0:  celluloid-extras (0.20.1) from /Users/cschwartz/.rbenv/versions/2.0.0-p353/lib/ruby/gems/2.0.0/specifications/celluloid-extras-0.20.1.gemspec
I, [2015-10-05T14:07:19.089238 #10778]  INFO -- : 0:  celluloid-fsm (0.20.1) from /Users/cschwartz/.rbenv/versions/2.0.0-p353/lib/ruby/gems/2.0.0/specifications/celluloid-fsm-0.20.1.gemspec
I, [2015-10-05T14:07:19.089453 #10778]  INFO -- : 0:  celluloid-pool (0.20.1) from /Users/cschwartz/.rbenv/versions/2.0.0-p353/lib/ruby/gems/2.0.0/specifications/celluloid-pool-0.20.1.gemspec
I, [2015-10-05T14:07:19.089669 #10778]  INFO -- : 0:  celluloid-supervision (0.20.1.1) from /Users/cschwartz/.rbenv/versions/2.0.0-p353/lib/ruby/gems/2.0.0/specifications/celluloid-supervision-0.20.1.1.gemspec
I, [2015-10-05T14:07:19.089883 #10778]  INFO -- : 0:  celluloid (0.17.1.2) from /Users/cschwartz/.rbenv/versions/2.0.0-p353/lib/ruby/gems/2.0.0/specifications/celluloid-0.17.1.2.gemspec
I, [2015-10-05T14:07:19.090098 #10778]  INFO -- : 0:  coderay (1.1.0) from /Users/cschwartz/.rbenv/versions/2.0.0-p353/lib/ruby/gems/2.0.0/specifications/coderay-1.1.0.gemspec
I, [2015-10-05T14:07:19.090318 #10778]  INFO -- : 0:  coffee-script-source (1.9.1.1) from /Users/cschwartz/.rbenv/versions/2.0.0-p353/lib/ruby/gems/2.0.0/specifications/coffee-script-source-1.9.1.1.gemspec
I, [2015-10-05T14:07:19.090529 #10778]  INFO -- : 0:  execjs (2.0.2) from /Users/cschwartz/.rbenv/versions/2.0.0-p353/lib/ruby/gems/2.0.0/specifications/execjs-2.0.2.gemspec
I, [2015-10-05T14:07:19.090741 #10778]  INFO -- : 0:  coffee-script (2.2.0) from /Users/cschwartz/.rbenv/versions/2.0.0-p353/lib/ruby/gems/2.0.0/specifications/coffee-script-2.2.0.gemspec
I, [2015-10-05T14:07:19.090946 #10778]  INFO -- : 0:  connection_pool (2.2.0) from /Users/cschwartz/.rbenv/versions/2.0.0-p353/lib/ruby/gems/2.0.0/specifications/connection_pool-2.2.0.gemspec
I, [2015-10-05T14:07:19.091154 #10778]  INFO -- : 0:  daemons (1.2.3) from /Users/cschwartz/.rbenv/versions/2.0.0-p353/lib/ruby/gems/2.0.0/specifications/daemons-1.2.3.gemspec
I, [2015-10-05T14:07:19.091372 #10778]  INFO -- : 0:  rack (1.5.5) from /Users/cschwartz/.rbenv/versions/2.0.0-p353/lib/ruby/gems/2.0.0/specifications/rack-1.5.5.gemspec
I, [2015-10-05T14:07:19.091578 #10778]  INFO -- : 0:  rufus-scheduler (2.0.24) from /Users/cschwartz/.rbenv/versions/2.0.0-p353/lib/ruby/gems/2.0.0/specifications/rufus-scheduler-2.0.24.gemspec
I, [2015-10-05T14:07:19.091821 #10778]  INFO -- : 0:  sass (3.2.19) from /Users/cschwartz/.rbenv/versions/2.0.0-p353/lib/ruby/gems/2.0.0/specifications/sass-3.2.19.gemspec
I, [2015-10-05T14:07:19.092043 #10778]  INFO -- : 0:  rack-protection (1.5.3) from /Users/cschwartz/.rbenv/versions/2.0.0-p353/lib/ruby/gems/2.0.0/specifications/rack-protection-1.5.3.gemspec
I, [2015-10-05T14:07:19.092249 #10778]  INFO -- : 0:  tilt (1.4.1) from /Users/cschwartz/.rbenv/versions/2.0.0-p353/lib/ruby/gems/2.0.0/specifications/tilt-1.4.1.gemspec
I, [2015-10-05T14:07:19.092463 #10778]  INFO -- : 0:  sinatra (1.4.6) from /Users/cschwartz/.rbenv/versions/2.0.0-p353/lib/ruby/gems/2.0.0/specifications/sinatra-1.4.6.gemspec
I, [2015-10-05T14:07:19.092710 #10778]  INFO -- : 0:  multi_json (1.11.2) from /Users/cschwartz/.rbenv/versions/2.0.0-p353/lib/ruby/gems/2.0.0/specifications/multi_json-1.11.2.gemspec
I, [2015-10-05T14:07:19.092968 #10778]  INFO -- : 0:  rack-test (0.6.3) from /Users/cschwartz/.rbenv/versions/2.0.0-p353/lib/ruby/gems/2.0.0/specifications/rack-test-0.6.3.gemspec
I, [2015-10-05T14:07:19.093175 #10778]  INFO -- : 0:  sinatra-contrib (1.4.6) from /Users/cschwartz/.rbenv/versions/2.0.0-p353/lib/ruby/gems/2.0.0/specifications/sinatra-contrib-1.4.6.gemspec
I, [2015-10-05T14:07:19.093380 #10778]  INFO -- : 0:  hike (1.2.3) from /Users/cschwartz/.rbenv/versions/2.0.0-p353/lib/ruby/gems/2.0.0/specifications/hike-1.2.3.gemspec
I, [2015-10-05T14:07:19.093596 #10778]  INFO -- : 0:  sprockets (2.10.1) from /Users/cschwartz/.rbenv/versions/2.0.0-p353/lib/ruby/gems/2.0.0/specifications/sprockets-2.10.1.gemspec
I, [2015-10-05T14:07:19.093809 #10778]  INFO -- : 0:  eventmachine (1.0.8) from /Users/cschwartz/.rbenv/versions/2.0.0-p353/lib/ruby/gems/2.0.0/specifications/eventmachine-1.0.8.gemspec
I, [2015-10-05T14:07:19.094017 #10778]  INFO -- : 0:  thin (1.6.3) from /Users/cschwartz/.rbenv/versions/2.0.0-p353/lib/ruby/gems/2.0.0/specifications/thin-1.6.3.gemspec
I, [2015-10-05T14:07:19.094221 #10778]  INFO -- : 0:  thor (0.18.1) from /Users/cschwartz/.rbenv/versions/2.0.0-p353/lib/ruby/gems/2.0.0/specifications/thor-0.18.1.gemspec
I, [2015-10-05T14:07:19.094424 #10778]  INFO -- : 0:  dashing (1.3.4) from /Users/cschwartz/.rbenv/versions/2.0.0-p353/lib/ruby/gems/2.0.0/specifications/dashing-1.3.4.gemspec
I, [2015-10-05T14:07:19.094629 #10778]  INFO -- : 0:  hashie (1.2.0) from /Users/cschwartz/.rbenv/versions/2.0.0-p353/lib/ruby/gems/2.0.0/specifications/hashie-1.2.0.gemspec
I, [2015-10-05T14:07:19.097919 #10778]  INFO -- : 0:  multi_xml (0.5.5) from /Users/cschwartz/.rbenv/versions/2.0.0-p353/lib/ruby/gems/2.0.0/specifications/multi_xml-0.5.5.gemspec
I, [2015-10-05T14:07:19.098246 #10778]  INFO -- : 0:  httparty (0.13.6) from /Users/cschwartz/.rbenv/versions/2.0.0-p353/lib/ruby/gems/2.0.0/specifications/httparty-0.13.6.gemspec
I, [2015-10-05T14:07:19.098478 #10778]  INFO -- : 0:  mini_portile (0.6.2) from /Users/cschwartz/.rbenv/versions/2.0.0-p353/lib/ruby/gems/2.0.0/specifications/mini_portile-0.6.2.gemspec
I, [2015-10-05T14:07:19.098701 #10778]  INFO -- : 0:  nokogiri (1.6.6.2) from /Users/cschwartz/.rbenv/versions/2.0.0-p353/lib/ruby/gems/2.0.0/specifications/nokogiri-1.6.6.2.gemspec
I, [2015-10-05T14:07:19.098919 #10778]  INFO -- : 0:  unf_ext (0.0.7.1) from /Users/cschwartz/.rbenv/versions/2.0.0-p353/lib/ruby/gems/2.0.0/specifications/unf_ext-0.0.7.1.gemspec
I, [2015-10-05T14:07:19.099135 #10778]  INFO -- : 0:  unf (0.1.4) from /Users/cschwartz/.rbenv/versions/2.0.0-p353/lib/ruby/gems/2.0.0/specifications/unf-0.1.4.gemspec
I, [2015-10-05T14:07:19.099350 #10778]  INFO -- : 0:  domain_name (0.5.24) from /Users/cschwartz/.rbenv/versions/2.0.0-p353/lib/ruby/gems/2.0.0/specifications/domain_name-0.5.24.gemspec
I, [2015-10-05T14:07:19.099560 #10778]  INFO -- : 0:  http-cookie (1.0.2) from /Users/cschwartz/.rbenv/versions/2.0.0-p353/lib/ruby/gems/2.0.0/specifications/http-cookie-1.0.2.gemspec
I, [2015-10-05T14:07:19.099782 #10778]  INFO -- : 0:  mime-types (2.5) from /Users/cschwartz/.rbenv/versions/2.0.0-p353/lib/ruby/gems/2.0.0/specifications/mime-types-2.5.gemspec
I, [2015-10-05T14:07:19.099990 #10778]  INFO -- : 0:  netrc (0.10.3) from /Users/cschwartz/.rbenv/versions/2.0.0-p353/lib/ruby/gems/2.0.0/specifications/netrc-0.10.3.gemspec
I, [2015-10-05T14:07:19.100202 #10778]  INFO -- : 0:  rest-client (1.8.0) from /Users/cschwartz/.rbenv/versions/2.0.0-p353/lib/ruby/gems/2.0.0/specifications/rest-client-1.8.0.gemspec
I, [2015-10-05T14:07:19.100410 #10778]  INFO -- : 0:  terminal-table (1.5.2) from /Users/cschwartz/.rbenv/versions/2.0.0-p353/lib/ruby/gems/2.0.0/specifications/terminal-table-1.5.2.gemspec
I, [2015-10-05T14:07:19.100619 #10778]  INFO -- : 0:  nagiosharder (0.5.0) from /Users/cschwartz/.rbenv/versions/2.0.0-p353/lib/ruby/gems/2.0.0/specifications/nagiosharder-0.5.0.gemspec
I, [2015-10-05T14:07:19.100846 #10778]  INFO -- : 0:  redis (3.2.1) from /Users/cschwartz/.rbenv/versions/2.0.0-p353/lib/ruby/gems/2.0.0/specifications/redis-3.2.1.gemspec
I, [2015-10-05T14:07:19.101056 #10778]  INFO -- : 0:  redis-namespace (1.5.2) from /Users/cschwartz/.rbenv/versions/2.0.0-p353/lib/ruby/gems/2.0.0/specifications/redis-namespace-1.5.2.gemspec
I, [2015-10-05T14:07:19.101264 #10778]  INFO -- : 0:  sidekiq (3.5.0) from /Users/cschwartz/.rbenv/versions/2.0.0-p353/lib/ruby/gems/2.0.0/specifications/sidekiq-3.5.0.gemspec
I, [2015-10-05T14:07:19.101472 #10778]  INFO -- : 0:  time_diff (0.3.0) from /Users/cschwartz/.rbenv/versions/2.0.0-p353/lib/ruby/gems/2.0.0/specifications/time_diff-0.3.0.gemspec
I, [2015-10-05T14:07:19.101679 #10778]  INFO -- : 0:  dashing-contrib (0.2.1) from /Users/cschwartz/.rbenv/versions/2.0.0-p353/lib/ruby/gems/2.0.0/specifications/dashing-contrib-0.2.1.gemspec
I, [2015-10-05T14:07:19.101886 #10778]  INFO -- : 0:  facets (3.0.0) from /Users/cschwartz/.rbenv/versions/2.0.0-p353/lib/ruby/gems/2.0.0/specifications/facets-3.0.0.gemspec
I, [2015-10-05T14:07:19.102093 #10778]  INFO -- : 0:  multipart-post (2.0.0) from /Users/cschwartz/.rbenv/versions/2.0.0-p353/lib/ruby/gems/2.0.0/specifications/multipart-post-2.0.0.gemspec
I, [2015-10-05T14:07:19.102302 #10778]  INFO -- : 0:  faraday (0.9.1) from /Users/cschwartz/.rbenv/versions/2.0.0-p353/lib/ruby/gems/2.0.0/specifications/faraday-0.9.1.gemspec
I, [2015-10-05T14:07:19.102510 #10778]  INFO -- : 0:  faraday_middleware (0.9.2) from /Users/cschwartz/.rbenv/versions/2.0.0-p353/lib/ruby/gems/2.0.0/specifications/faraday_middleware-0.9.2.gemspec
I, [2015-10-05T14:07:19.102809 #10778]  INFO -- : 0:  dota (0.0.19) from /Users/cschwartz/.rbenv/versions/2.0.0-p353/lib/ruby/gems/2.0.0/specifications/dota-0.0.19.gemspec
I, [2015-10-05T14:07:19.103042 #10778]  INFO -- : 0:  equalizer (0.0.10) from /Users/cschwartz/.rbenv/versions/2.0.0-p353/lib/ruby/gems/2.0.0/specifications/equalizer-0.0.10.gemspec
I, [2015-10-05T14:07:19.103298 #10778]  INFO -- : 0:  http-form_data (1.0.1) from /Users/cschwartz/.rbenv/versions/2.0.0-p353/lib/ruby/gems/2.0.0/specifications/http-form_data-1.0.1.gemspec
I, [2015-10-05T14:07:19.103537 #10778]  INFO -- : 0:  http_parser.rb (0.6.0) from /Users/cschwartz/.rbenv/versions/2.0.0-p353/lib/ruby/gems/2.0.0/specifications/http_parser.rb-0.6.0.gemspec
I, [2015-10-05T14:07:19.103755 #10778]  INFO -- : 0:  http (0.9.6) from /Users/cschwartz/.rbenv/versions/2.0.0-p353/lib/ruby/gems/2.0.0/specifications/http-0.9.6.gemspec
I, [2015-10-05T14:07:19.103976 #10778]  INFO -- : 0:  icalendar (2.3.0) from /Users/cschwartz/.rbenv/versions/2.0.0-p353/lib/ruby/gems/2.0.0/specifications/icalendar-2.3.0.gemspec
I, [2015-10-05T14:07:19.104191 #10778]  INFO -- : 0:  ice_cube (0.13.0) from /Users/cschwartz/.rbenv/versions/2.0.0-p353/lib/ruby/gems/2.0.0/specifications/ice_cube-0.13.0.gemspec
I, [2015-10-05T14:07:19.104407 #10778]  INFO -- : 0:  icalendar-recurrence (1.1.0) from /Users/cschwartz/.rbenv/versions/2.0.0-p353/lib/ruby/gems/2.0.0/specifications/icalendar-recurrence-1.1.0.gemspec
I, [2015-10-05T14:07:19.104623 #10778]  INFO -- : 0:  net-http-digest_auth (1.4) from /Users/cschwartz/.rbenv/versions/2.0.0-p353/lib/ruby/gems/2.0.0/specifications/net-http-digest_auth-1.4.gemspec
I, [2015-10-05T14:07:19.104842 #10778]  INFO -- : 0:  net-http-persistent (2.9.4) from /Users/cschwartz/.rbenv/versions/2.0.0-p353/lib/ruby/gems/2.0.0/specifications/net-http-persistent-2.9.4.gemspec
I, [2015-10-05T14:07:19.105057 #10778]  INFO -- : 0:  ntlm-http (0.1.1) from /Users/cschwartz/.rbenv/versions/2.0.0-p353/lib/ruby/gems/2.0.0/specifications/ntlm-http-0.1.1.gemspec
I, [2015-10-05T14:07:19.105270 #10778]  INFO -- : 0:  webrobots (0.1.1) from /Users/cschwartz/.rbenv/versions/2.0.0-p353/lib/ruby/gems/2.0.0/specifications/webrobots-0.1.1.gemspec
I, [2015-10-05T14:07:19.105481 #10778]  INFO -- : 0:  mechanize (2.7.3) from /Users/cschwartz/.rbenv/versions/2.0.0-p353/lib/ruby/gems/2.0.0/specifications/mechanize-2.7.3.gemspec
I, [2015-10-05T14:07:19.105714 #10778]  INFO -- : 0:  memoizable (0.4.2) from /Users/cschwartz/.rbenv/versions/2.0.0-p353/lib/ruby/gems/2.0.0/specifications/memoizable-0.4.2.gemspec
I, [2015-10-05T14:07:19.105926 #10778]  INFO -- : 0:  method_source (0.8.2) from /Users/cschwartz/.rbenv/versions/2.0.0-p353/lib/ruby/gems/2.0.0/specifications/method_source-0.8.2.gemspec
I, [2015-10-05T14:07:19.106139 #10778]  INFO -- : 0:  naught (1.1.0) from /Users/cschwartz/.rbenv/versions/2.0.0-p353/lib/ruby/gems/2.0.0/specifications/naught-1.1.0.gemspec
I, [2015-10-05T14:07:19.106356 #10778]  INFO -- : 0:  slop (3.6.0) from /Users/cschwartz/.rbenv/versions/2.0.0-p353/lib/ruby/gems/2.0.0/specifications/slop-3.6.0.gemspec
I, [2015-10-05T14:07:19.106583 #10778]  INFO -- : 0:  pry (0.10.1) from /Users/cschwartz/.rbenv/versions/2.0.0-p353/lib/ruby/gems/2.0.0/specifications/pry-0.10.1.gemspec
I, [2015-10-05T14:07:19.106799 #10778]  INFO -- : 0:  simple_oauth (0.3.1) from /Users/cschwartz/.rbenv/versions/2.0.0-p353/lib/ruby/gems/2.0.0/specifications/simple_oauth-0.3.1.gemspec
I, [2015-10-05T14:07:19.107009 #10778]  INFO -- : 0:  twitter (5.15.0) from /Users/cschwartz/.rbenv/versions/2.0.0-p353/lib/ruby/gems/2.0.0/specifications/twitter-5.15.0.gemspec
I, [2015-10-05T14:07:19.107220 #10778]  INFO -- : 0:  yomu (0.1.5) from /Users/cschwartz/.rbenv/versions/2.0.0-p353/lib/ruby/gems/2.0.0/specifications/yomu-0.1.5.gemspec
